{"obj": {"type": "AssignString", "path": ["sys", "name"], "value": "Untitled"}, "version": 1}
{"obj": {"type": "AssignString", "path": ["sys", "description"], "value": ""}, "version": 2}
{"obj": {"type": "AssignString", "path": ["monitoring", "c2f0779d", "hostname"], "value": "login-hpc"}, "version": 3}
{"obj": {"type": "AssignString", "path": ["sys", "hostname"], "value": "login-hpc"}, "version": 4}
{"obj": {"type": "AssignString", "path": ["monitoring", "c2f0779d", "pid"], "value": "210275"}, "version": 5}
{"obj": {"type": "AssignString", "path": ["monitoring", "c2f0779d", "tid"], "value": "46912496365312"}, "version": 6}
{"obj": {"type": "AssignBool", "path": ["sys", "failed"], "value": false}, "version": 7}
{"obj": {"type": "ClearStringLog", "path": ["monitoring", "c2f0779d", "stdout"]}, "version": 8}
{"obj": {"type": "ClearStringLog", "path": ["monitoring", "c2f0779d", "stderr"]}, "version": 9}
{"obj": {"type": "AssignString", "path": ["source_code", "entrypoint"], "value": "workflow_hp.py"}, "version": 10}
{"obj": {"type": "UploadFileSet", "path": ["source_code", "files"], "file_globs": ["/home/acollin/dca_permuted_workflow/workflow/workflow_hp.py"], "reset": "False"}, "version": 11}
{"obj": {"type": "UploadFile", "path": ["source_code", "diff"], "ext": "patch", "file_path": null, "tmp_file_name": "source_code_diff-1699278288.89349-2023-11-06_14.44.48.893490.patch", "clean_after_upload": false}, "version": 12}
{"obj": {"type": "LogStrings", "path": ["monitoring", "c2f0779d", "stderr"], "values": [{"value": "Info (NVML): NVML Shared Library Not Found. GPU usage metrics may not be reported. For more information, see https://docs.neptune.ai/help/nvml_error/\n", "step": null, "ts": 1699278288.959004}]}, "version": 13}
{"obj": {"type": "ConfigFloatSeries", "path": ["monitoring", "c2f0779d", "cpu"], "min": 0.0, "max": 100.0, "unit": "%"}, "version": 14}
{"obj": {"type": "ClearFloatLog", "path": ["monitoring", "c2f0779d", "cpu"]}, "version": 15}
{"obj": {"type": "ConfigFloatSeries", "path": ["monitoring", "c2f0779d", "memory"], "min": 0.0, "max": 125.35282516479492, "unit": "GB"}, "version": 16}
{"obj": {"type": "ClearFloatLog", "path": ["monitoring", "c2f0779d", "memory"]}, "version": 17}
{"obj": {"type": "AssignString", "path": ["parameters", "dataset_name"], "value": "htap_final_by_batch"}, "version": 18}
{"obj": {"type": "AssignString", "path": ["parameters", "class_key"], "value": "celltype"}, "version": 19}
{"obj": {"type": "LogFloats", "path": ["monitoring", "c2f0779d", "cpu"], "values": [{"value": 10.0, "step": null, "ts": 1699278288.9772527}]}, "version": 20}
{"obj": {"type": "AssignString", "path": ["parameters", "batch_key"], "value": "donor"}, "version": 21}
{"obj": {"type": "LogFloats", "path": ["monitoring", "c2f0779d", "memory"], "values": [{"value": 14.617332458496094, "step": null, "ts": 1699278288.9772527}]}, "version": 22}
{"obj": {"type": "AssignBool", "path": ["parameters", "filter_min_counts"], "value": true}, "version": 23}
{"obj": {"type": "AssignBool", "path": ["parameters", "normalize_size_factors"], "value": true}, "version": 24}
{"obj": {"type": "AssignBool", "path": ["parameters", "scale_input"], "value": false}, "version": 25}
{"obj": {"type": "AssignBool", "path": ["parameters", "logtrans_input"], "value": true}, "version": 26}
{"obj": {"type": "AssignInt", "path": ["parameters", "use_hvg"], "value": 5000}, "version": 27}
{"obj": {"type": "AssignInt", "path": ["parameters", "batch_size"], "value": 256}, "version": 28}
{"obj": {"type": "AssignString", "path": ["parameters", "mode"], "value": "entire_condition"}, "version": 29}
{"obj": {"type": "AssignFloat", "path": ["parameters", "pct_split"], "value": 0.9}, "version": 30}
{"obj": {"type": "AssignString", "path": ["parameters", "obs_key"], "value": "donor"}, "version": 31}
{"obj": {"type": "AssignString", "path": ["parameters", "n_keep"], "value": "None"}, "version": 32}
{"obj": {"type": "AssignString", "path": ["parameters", "split_strategy"], "value": "None"}, "version": 33}
{"obj": {"type": "AssignString", "path": ["parameters", "keep_obs"], "value": "['PAH_688194', 'PAH_691048', 'PAH_693770', 'PAH_698029', 'PRC_16', 'PRC_18', 'PRC_3', 'PRC_8']"}, "version": 34}
{"obj": {"type": "AssignInt", "path": ["parameters", "train_test_random_seed"], "value": 0}, "version": 35}
{"obj": {"type": "AssignString", "path": ["parameters", "obs_subsample"], "value": "None"}, "version": 36}
{"obj": {"type": "AssignBool", "path": ["parameters", "make_fake"], "value": false}, "version": 37}
{"obj": {"type": "AssignString", "path": ["parameters", "true_celltype"], "value": "None"}, "version": 38}
{"obj": {"type": "AssignString", "path": ["parameters", "false_celltype"], "value": "None"}, "version": 39}
{"obj": {"type": "AssignString", "path": ["parameters", "pct_false"], "value": "None"}, "version": 40}
{"obj": {"type": "AssignString", "path": ["parameters", "clas_loss_name"], "value": "categorical_crossentropy"}, "version": 41}
{"obj": {"type": "AssignString", "path": ["parameters", "dann_loss_name"], "value": "categorical_crossentropy"}, "version": 42}
{"obj": {"type": "AssignString", "path": ["parameters", "rec_loss_name"], "value": "MSE"}, "version": 43}
{"obj": {"type": "AssignFloat", "path": ["parameters", "learning_rate"], "value": 0.001}, "version": 44}
{"obj": {"type": "AssignString", "path": ["parameters", "optimizer_type"], "value": "adam"}, "version": 45}
{"obj": {"type": "AssignFloat", "path": ["parameters", "clas_w"], "value": 0.1}, "version": 46}
{"obj": {"type": "AssignFloat", "path": ["parameters", "dann_w"], "value": 0.1}, "version": 47}
{"obj": {"type": "AssignFloat", "path": ["parameters", "rec_w"], "value": 0.8}, "version": 48}
{"obj": {"type": "AssignString", "path": ["parameters", "ae_hidden_size"], "value": "[128, 64, 128]"}, "version": 49}
{"obj": {"type": "AssignString", "path": ["parameters", "ae_hidden_dropout"], "value": "None"}, "version": 50}
{"obj": {"type": "AssignString", "path": ["parameters", "ae_activation"], "value": "relu"}, "version": 51}
{"obj": {"type": "AssignString", "path": ["parameters", "ae_output_activation"], "value": "linear"}, "version": 52}
{"obj": {"type": "AssignString", "path": ["parameters", "ae_init"], "value": "glorot_uniform"}, "version": 53}
{"obj": {"type": "AssignBool", "path": ["parameters", "ae_batchnorm"], "value": true}, "version": 54}
{"obj": {"type": "AssignString", "path": ["parameters", "ae_l1_enc_coef"], "value": "None"}, "version": 55}
{"obj": {"type": "AssignString", "path": ["parameters", "ae_l2_enc_coef"], "value": "None"}, "version": 56}
{"obj": {"type": "AssignString", "path": ["parameters", "class_hidden_size"], "value": "[64]"}, "version": 57}
{"obj": {"type": "AssignString", "path": ["parameters", "class_hidden_dropout"], "value": "None"}, "version": 58}
{"obj": {"type": "AssignBool", "path": ["parameters", "class_batchnorm"], "value": true}, "version": 59}
{"obj": {"type": "AssignString", "path": ["parameters", "class_activation"], "value": "relu"}, "version": 60}
{"obj": {"type": "AssignString", "path": ["parameters", "class_output_activation"], "value": "softmax"}, "version": 61}
{"obj": {"type": "AssignString", "path": ["parameters", "dann_hidden_size"], "value": "[64]"}, "version": 62}
{"obj": {"type": "AssignString", "path": ["parameters", "dann_hidden_dropout"], "value": "None"}, "version": 63}
{"obj": {"type": "AssignBool", "path": ["parameters", "dann_batchnorm"], "value": true}, "version": 64}
{"obj": {"type": "AssignString", "path": ["parameters", "dann_activation"], "value": "relu"}, "version": 65}
{"obj": {"type": "AssignString", "path": ["parameters", "dann_output_activation"], "value": "softmax"}, "version": 66}
{"obj": {"type": "AssignString", "path": ["parameters", "training_scheme"], "value": "training_scheme_1"}, "version": 67}
{"obj": {"type": "AssignBool", "path": ["parameters", "log_neptune"], "value": true}, "version": 68}
{"obj": {"type": "AssignString", "path": ["parameters", "workflow_id"], "value": "default"}, "version": 69}
{"obj": {"type": "AssignFloat", "path": ["parameters", "clas_w"], "value": 57.62209361696243}, "version": 70}
{"obj": {"type": "AssignFloat", "path": ["parameters", "dann_w"], "value": 22.870513440331816}, "version": 71}
{"obj": {"type": "AssignFloat", "path": ["parameters", "lr"], "value": 0.003611960175887472}, "version": 72}
{"obj": {"type": "AssignFloat", "path": ["parameters", "wd"], "value": 1.666747896585222e-08}, "version": 73}
{"obj": {"type": "AssignInt", "path": ["parameters", "warmup_epoch"], "value": 2}, "version": 74}
{"obj": {"type": "AssignFloat", "path": ["parameters", "dropout"], "value": 0.18118499219417572}, "version": 75}
{"obj": {"type": "AssignInt", "path": ["parameters", "bottleneck"], "value": 42}, "version": 76}
{"obj": {"type": "AssignInt", "path": ["parameters", "layer2"], "value": 203}, "version": 77}
{"obj": {"type": "AssignInt", "path": ["parameters", "layer1"], "value": 783}, "version": 78}
{"obj": {"type": "AssignString", "path": ["parameters", "ae_hidden_size"], "value": "[783, 203, 42, 783, 203]"}, "version": 79}
{"obj": {"type": "LogStrings", "path": ["monitoring", "c2f0779d", "stdout"], "values": [{"value": "Epoch 1/3, Current strat Epoch 1/2", "step": null, "ts": 1699278289.1734302}]}, "version": 80}
{"obj": {"type": "LogStrings", "path": ["monitoring", "c2f0779d", "stdout"], "values": [{"value": "\n", "step": null, "ts": 1699278289.1760385}]}, "version": 81}
{"obj": {"type": "LogStrings", "path": ["monitoring", "c2f0779d", "stdout"], "values": [{"value": "switching perm", "step": null, "ts": 1699278290.012258}]}, "version": 82}
{"obj": {"type": "LogStrings", "path": ["monitoring", "c2f0779d", "stdout"], "values": [{"value": "\n", "step": null, "ts": 1699278290.0149903}]}, "version": 83}
{"obj": {"type": "LogFloats", "path": ["monitoring", "c2f0779d", "cpu"], "values": [{"value": 1.5, "step": null, "ts": 1699278298.9895377}]}, "version": 84}
{"obj": {"type": "LogFloats", "path": ["monitoring", "c2f0779d", "memory"], "values": [{"value": 15.187374114990234, "step": null, "ts": 1699278298.9895377}]}, "version": 85}
{"obj": {"type": "LogFloats", "path": ["monitoring", "c2f0779d", "cpu"], "values": [{"value": 1.2, "step": null, "ts": 1699278308.995778}]}, "version": 86}
{"obj": {"type": "LogFloats", "path": ["monitoring", "c2f0779d", "memory"], "values": [{"value": 15.313732147216797, "step": null, "ts": 1699278308.995778}]}, "version": 87}
{"obj": {"type": "LogFloats", "path": ["monitoring", "c2f0779d", "cpu"], "values": [{"value": 0.2, "step": null, "ts": 1699278319.0026577}]}, "version": 88}
{"obj": {"type": "LogFloats", "path": ["monitoring", "c2f0779d", "memory"], "values": [{"value": 15.296005249023438, "step": null, "ts": 1699278319.0026577}]}, "version": 89}
{"obj": {"type": "LogFloats", "path": ["monitoring", "c2f0779d", "cpu"], "values": [{"value": 0.2, "step": null, "ts": 1699278329.0095088}]}, "version": 90}
{"obj": {"type": "LogFloats", "path": ["monitoring", "c2f0779d", "memory"], "values": [{"value": 15.244617462158203, "step": null, "ts": 1699278329.0095088}]}, "version": 91}
{"obj": {"type": "LogFloats", "path": ["monitoring", "c2f0779d", "cpu"], "values": [{"value": 0.2, "step": null, "ts": 1699278339.0180662}]}, "version": 92}
{"obj": {"type": "LogFloats", "path": ["monitoring", "c2f0779d", "memory"], "values": [{"value": 15.248100280761719, "step": null, "ts": 1699278339.0180662}]}, "version": 93}
{"obj": {"type": "LogFloats", "path": ["monitoring", "c2f0779d", "cpu"], "values": [{"value": 0.2, "step": null, "ts": 1699278349.0253289}]}, "version": 94}
{"obj": {"type": "LogFloats", "path": ["monitoring", "c2f0779d", "memory"], "values": [{"value": 15.246971130371094, "step": null, "ts": 1699278349.0253289}]}, "version": 95}
{"obj": {"type": "LogFloats", "path": ["monitoring", "c2f0779d", "cpu"], "values": [{"value": 0.1, "step": null, "ts": 1699278359.032441}]}, "version": 96}
{"obj": {"type": "LogFloats", "path": ["monitoring", "c2f0779d", "memory"], "values": [{"value": 15.245475769042969, "step": null, "ts": 1699278359.032441}]}, "version": 97}
{"obj": {"type": "LogFloats", "path": ["monitoring", "c2f0779d", "cpu"], "values": [{"value": 0.1, "step": null, "ts": 1699278369.0390913}]}, "version": 98}
{"obj": {"type": "LogFloats", "path": ["monitoring", "c2f0779d", "memory"], "values": [{"value": 15.244873046875, "step": null, "ts": 1699278369.0390913}]}, "version": 99}
{"obj": {"type": "LogFloats", "path": ["monitoring", "c2f0779d", "cpu"], "values": [{"value": 0.2, "step": null, "ts": 1699278379.0448422}]}, "version": 100}
{"obj": {"type": "LogFloats", "path": ["monitoring", "c2f0779d", "memory"], "values": [{"value": 15.24643325805664, "step": null, "ts": 1699278379.0448422}]}, "version": 101}
{"obj": {"type": "LogFloats", "path": ["monitoring", "c2f0779d", "cpu"], "values": [{"value": 0.1, "step": null, "ts": 1699278389.0525737}]}, "version": 102}
{"obj": {"type": "LogFloats", "path": ["monitoring", "c2f0779d", "memory"], "values": [{"value": 15.246700286865234, "step": null, "ts": 1699278389.0525737}]}, "version": 103}
{"obj": {"type": "LogFloats", "path": ["monitoring", "c2f0779d", "cpu"], "values": [{"value": 0.2, "step": null, "ts": 1699278399.0600715}]}, "version": 104}
{"obj": {"type": "LogFloats", "path": ["monitoring", "c2f0779d", "memory"], "values": [{"value": 15.25009536743164, "step": null, "ts": 1699278399.0600715}]}, "version": 105}
{"obj": {"type": "LogFloats", "path": ["monitoring", "c2f0779d", "cpu"], "values": [{"value": 0.4, "step": null, "ts": 1699278409.0672793}]}, "version": 106}
{"obj": {"type": "LogFloats", "path": ["monitoring", "c2f0779d", "memory"], "values": [{"value": 15.25396728515625, "step": null, "ts": 1699278409.0672793}]}, "version": 107}
{"obj": {"type": "LogFloats", "path": ["monitoring", "c2f0779d", "cpu"], "values": [{"value": 0.2, "step": null, "ts": 1699278419.0746045}]}, "version": 108}
{"obj": {"type": "LogFloats", "path": ["monitoring", "c2f0779d", "memory"], "values": [{"value": 15.252933502197266, "step": null, "ts": 1699278419.0746045}]}, "version": 109}
{"obj": {"type": "LogFloats", "path": ["monitoring", "c2f0779d", "cpu"], "values": [{"value": 0.2, "step": null, "ts": 1699278429.0842888}]}, "version": 110}
{"obj": {"type": "LogFloats", "path": ["monitoring", "c2f0779d", "memory"], "values": [{"value": 15.251815795898438, "step": null, "ts": 1699278429.0842888}]}, "version": 111}
{"obj": {"type": "LogFloats", "path": ["monitoring", "c2f0779d", "cpu"], "values": [{"value": 0.2, "step": null, "ts": 1699278439.0917678}]}, "version": 112}
{"obj": {"type": "LogFloats", "path": ["monitoring", "c2f0779d", "memory"], "values": [{"value": 15.25045394897461, "step": null, "ts": 1699278439.0917678}]}, "version": 113}
{"obj": {"type": "LogFloats", "path": ["monitoring", "c2f0779d", "cpu"], "values": [{"value": 0.2, "step": null, "ts": 1699278449.0991826}]}, "version": 114}
{"obj": {"type": "LogFloats", "path": ["monitoring", "c2f0779d", "memory"], "values": [{"value": 15.251541137695312, "step": null, "ts": 1699278449.0991826}]}, "version": 115}
{"obj": {"type": "LogFloats", "path": ["monitoring", "c2f0779d", "cpu"], "values": [{"value": 0.2, "step": null, "ts": 1699278459.1066806}]}, "version": 116}
{"obj": {"type": "LogFloats", "path": ["monitoring", "c2f0779d", "memory"], "values": [{"value": 15.251220703125, "step": null, "ts": 1699278459.1066806}]}, "version": 117}
{"obj": {"type": "LogFloats", "path": ["monitoring", "c2f0779d", "cpu"], "values": [{"value": 0.3, "step": null, "ts": 1699278469.1260312}]}, "version": 118}
{"obj": {"type": "LogFloats", "path": ["monitoring", "c2f0779d", "memory"], "values": [{"value": 15.264366149902344, "step": null, "ts": 1699278469.1260312}]}, "version": 119}
{"obj": {"type": "LogFloats", "path": ["monitoring", "c2f0779d", "cpu"], "values": [{"value": 0.1, "step": null, "ts": 1699278479.135114}]}, "version": 120}
{"obj": {"type": "LogFloats", "path": ["monitoring", "c2f0779d", "memory"], "values": [{"value": 15.261314392089844, "step": null, "ts": 1699278479.135114}]}, "version": 121}
{"obj": {"type": "LogFloats", "path": ["monitoring", "c2f0779d", "cpu"], "values": [{"value": 0.1, "step": null, "ts": 1699278489.1424909}]}, "version": 122}
{"obj": {"type": "LogFloats", "path": ["monitoring", "c2f0779d", "memory"], "values": [{"value": 15.190284729003906, "step": null, "ts": 1699278489.1424909}]}, "version": 123}
{"obj": {"type": "LogFloats", "path": ["monitoring", "c2f0779d", "cpu"], "values": [{"value": 0.1, "step": null, "ts": 1699278499.1502109}]}, "version": 124}
{"obj": {"type": "LogFloats", "path": ["monitoring", "c2f0779d", "memory"], "values": [{"value": 15.188079833984375, "step": null, "ts": 1699278499.1502109}]}, "version": 125}
{"obj": {"type": "LogFloats", "path": ["monitoring", "c2f0779d", "cpu"], "values": [{"value": 0.1, "step": null, "ts": 1699278509.1563725}]}, "version": 126}
{"obj": {"type": "LogFloats", "path": ["monitoring", "c2f0779d", "memory"], "values": [{"value": 15.186908721923828, "step": null, "ts": 1699278509.1563725}]}, "version": 127}
{"obj": {"type": "LogFloats", "path": ["monitoring", "c2f0779d", "cpu"], "values": [{"value": 0.1, "step": null, "ts": 1699278519.1636026}]}, "version": 128}
{"obj": {"type": "LogFloats", "path": ["monitoring", "c2f0779d", "memory"], "values": [{"value": 15.187301635742188, "step": null, "ts": 1699278519.1636026}]}, "version": 129}
{"obj": {"type": "LogFloats", "path": ["monitoring", "c2f0779d", "cpu"], "values": [{"value": 0.1, "step": null, "ts": 1699278529.173455}]}, "version": 130}
{"obj": {"type": "LogFloats", "path": ["monitoring", "c2f0779d", "memory"], "values": [{"value": 15.186370849609375, "step": null, "ts": 1699278529.173455}]}, "version": 131}
{"obj": {"type": "LogFloats", "path": ["monitoring", "c2f0779d", "cpu"], "values": [{"value": 0.1, "step": null, "ts": 1699278539.181562}]}, "version": 132}
{"obj": {"type": "LogFloats", "path": ["monitoring", "c2f0779d", "memory"], "values": [{"value": 15.186103820800781, "step": null, "ts": 1699278539.181562}]}, "version": 133}
{"obj": {"type": "LogFloats", "path": ["monitoring", "c2f0779d", "cpu"], "values": [{"value": 0.1, "step": null, "ts": 1699278549.1885364}]}, "version": 134}
{"obj": {"type": "LogFloats", "path": ["monitoring", "c2f0779d", "memory"], "values": [{"value": 15.187339782714844, "step": null, "ts": 1699278549.1885364}]}, "version": 135}
{"obj": {"type": "LogFloats", "path": ["monitoring", "c2f0779d", "cpu"], "values": [{"value": 0.1, "step": null, "ts": 1699278559.196742}]}, "version": 136}
{"obj": {"type": "LogFloats", "path": ["monitoring", "c2f0779d", "memory"], "values": [{"value": 15.18709945678711, "step": null, "ts": 1699278559.196742}]}, "version": 137}
{"obj": {"type": "LogFloats", "path": ["monitoring", "c2f0779d", "cpu"], "values": [{"value": 0.2, "step": null, "ts": 1699278569.2048876}]}, "version": 138}
{"obj": {"type": "LogFloats", "path": ["monitoring", "c2f0779d", "memory"], "values": [{"value": 15.18881607055664, "step": null, "ts": 1699278569.2048876}]}, "version": 139}
{"obj": {"type": "LogFloats", "path": ["monitoring", "c2f0779d", "cpu"], "values": [{"value": 2.6, "step": null, "ts": 1699278579.2141047}]}, "version": 140}
{"obj": {"type": "LogFloats", "path": ["monitoring", "c2f0779d", "memory"], "values": [{"value": 15.29843521118164, "step": null, "ts": 1699278579.2141047}]}, "version": 141}
{"obj": {"type": "LogFloats", "path": ["monitoring", "c2f0779d", "cpu"], "values": [{"value": 0.1, "step": null, "ts": 1699278589.2216482}]}, "version": 142}
{"obj": {"type": "LogFloats", "path": ["monitoring", "c2f0779d", "memory"], "values": [{"value": 15.301284790039062, "step": null, "ts": 1699278589.2216482}]}, "version": 143}
{"obj": {"type": "LogFloats", "path": ["monitoring", "c2f0779d", "cpu"], "values": [{"value": 1.5, "step": null, "ts": 1699278599.2293985}]}, "version": 144}
{"obj": {"type": "LogFloats", "path": ["monitoring", "c2f0779d", "memory"], "values": [{"value": 15.325874328613281, "step": null, "ts": 1699278599.2293985}]}, "version": 145}
{"obj": {"type": "LogFloats", "path": ["monitoring", "c2f0779d", "cpu"], "values": [{"value": 2.4, "step": null, "ts": 1699278609.2359633}]}, "version": 146}
{"obj": {"type": "LogFloats", "path": ["monitoring", "c2f0779d", "memory"], "values": [{"value": 15.364253997802734, "step": null, "ts": 1699278609.2359633}]}, "version": 147}
