{"obj": {"type": "AssignString", "path": ["sys", "name"], "value": "Untitled"}, "version": 1}
{"obj": {"type": "AssignString", "path": ["sys", "description"], "value": ""}, "version": 2}
{"obj": {"type": "AssignString", "path": ["monitoring", "fb33e6a0", "hostname"], "value": "login-hpc"}, "version": 3}
{"obj": {"type": "AssignString", "path": ["sys", "hostname"], "value": "login-hpc"}, "version": 4}
{"obj": {"type": "AssignString", "path": ["monitoring", "fb33e6a0", "pid"], "value": "17998"}, "version": 5}
{"obj": {"type": "AssignString", "path": ["monitoring", "fb33e6a0", "tid"], "value": "46912496365312"}, "version": 6}
{"obj": {"type": "AssignBool", "path": ["sys", "failed"], "value": false}, "version": 7}
{"obj": {"type": "ClearStringLog", "path": ["monitoring", "fb33e6a0", "stdout"]}, "version": 8}
{"obj": {"type": "ClearStringLog", "path": ["monitoring", "fb33e6a0", "stderr"]}, "version": 9}
{"obj": {"type": "AssignString", "path": ["source_code", "entrypoint"], "value": "workflow_hp.py"}, "version": 10}
{"obj": {"type": "UploadFileSet", "path": ["source_code", "files"], "file_globs": ["/home/acollin/dca_permuted_workflow/workflow/workflow_hp.py"], "reset": "False"}, "version": 11}
{"obj": {"type": "UploadFile", "path": ["source_code", "diff"], "ext": "patch", "file_path": null, "tmp_file_name": "source_code_diff-1699010926.976121-2023-11-03_12.28.46.976121.patch", "clean_after_upload": false}, "version": 12}
{"obj": {"type": "LogStrings", "path": ["monitoring", "fb33e6a0", "stderr"], "values": [{"value": "Info (NVML): NVML Shared Library Not Found. GPU usage metrics may not be reported. For more information, see https://docs.neptune.ai/help/nvml_error/\n", "step": null, "ts": 1699010927.0377262}]}, "version": 13}
{"obj": {"type": "ConfigFloatSeries", "path": ["monitoring", "fb33e6a0", "cpu"], "min": 0.0, "max": 100.0, "unit": "%"}, "version": 14}
{"obj": {"type": "ClearFloatLog", "path": ["monitoring", "fb33e6a0", "cpu"]}, "version": 15}
{"obj": {"type": "ConfigFloatSeries", "path": ["monitoring", "fb33e6a0", "memory"], "min": 0.0, "max": 125.35282516479492, "unit": "GB"}, "version": 16}
{"obj": {"type": "ClearFloatLog", "path": ["monitoring", "fb33e6a0", "memory"]}, "version": 17}
{"obj": {"type": "AssignString", "path": ["parameters", "dataset_name"], "value": "htap_final_by_batch"}, "version": 18}
{"obj": {"type": "AssignString", "path": ["parameters", "class_key"], "value": "celltype"}, "version": 19}
{"obj": {"type": "LogFloats", "path": ["monitoring", "fb33e6a0", "cpu"], "values": [{"value": 25.0, "step": null, "ts": 1699010927.0539668}]}, "version": 20}
{"obj": {"type": "AssignString", "path": ["parameters", "batch_key"], "value": "donor"}, "version": 21}
{"obj": {"type": "LogFloats", "path": ["monitoring", "fb33e6a0", "memory"], "values": [{"value": 15.569480895996094, "step": null, "ts": 1699010927.0539668}]}, "version": 22}
{"obj": {"type": "AssignBool", "path": ["parameters", "filter_min_counts"], "value": true}, "version": 23}
{"obj": {"type": "AssignBool", "path": ["parameters", "normalize_size_factors"], "value": true}, "version": 24}
{"obj": {"type": "AssignBool", "path": ["parameters", "scale_input"], "value": false}, "version": 25}
{"obj": {"type": "AssignBool", "path": ["parameters", "logtrans_input"], "value": true}, "version": 26}
{"obj": {"type": "AssignInt", "path": ["parameters", "use_hvg"], "value": 5000}, "version": 27}
{"obj": {"type": "AssignInt", "path": ["parameters", "batch_size"], "value": 128}, "version": 28}
{"obj": {"type": "AssignString", "path": ["parameters", "mode"], "value": "entire_condition"}, "version": 29}
{"obj": {"type": "AssignFloat", "path": ["parameters", "pct_split"], "value": 0.9}, "version": 30}
{"obj": {"type": "AssignString", "path": ["parameters", "obs_key"], "value": "donor"}, "version": 31}
{"obj": {"type": "LogStrings", "path": ["monitoring", "fb33e6a0", "stderr"], "values": [{"value": "/home/acollin/dca_permuted_workflow/workflow/workflow_hp.py:450: NeptuneUnsupportedType: You're attempting to log a type that is not directly supported by Neptune (<class 'NoneType'>).\n        Convert the value to a supported type, such as a string or float, or use stringify_unsupported(obj)\n        for dictionaries or collections that contain unsupported values.\n        For more, see https://docs.neptune.ai/help/value_of_unsupported_type\n  self.run[f\"parameters/{par}\"] = val\n", "step": null, "ts": 1699010927.1484668}]}, "version": 32}
{"obj": {"type": "AssignInt", "path": ["parameters", "train_test_random_seed"], "value": 0}, "version": 33}
{"obj": {"type": "LogStrings", "path": ["monitoring", "fb33e6a0", "stderr"], "values": [{"value": "/home/acollin/dca_permuted_workflow/workflow/workflow_hp.py:450: NeptuneUnsupportedType: You're attempting to log a type that is not directly supported by Neptune (<class 'list'>).\n        Convert the value to a supported type, such as a string or float, or use stringify_unsupported(obj)\n        for dictionaries or collections that contain unsupported values.\n        For more, see https://docs.neptune.ai/help/value_of_unsupported_type\n  self.run[f\"parameters/{par}\"] = val\n", "step": null, "ts": 1699010927.1522176}]}, "version": 34}
{"obj": {"type": "AssignBool", "path": ["parameters", "make_fake"], "value": false}, "version": 35}
{"obj": {"type": "AssignString", "path": ["parameters", "clas_loss_fn"], "value": "MSE"}, "version": 36}
{"obj": {"type": "AssignString", "path": ["parameters", "dann_los_fn"], "value": "categorical_crossentropy"}, "version": 37}
{"obj": {"type": "AssignString", "path": ["parameters", "rec_loss_fn"], "value": "categorical_crossentropy"}, "version": 38}
{"obj": {"type": "AssignFloat", "path": ["parameters", "learning_rate"], "value": 0.001}, "version": 39}
{"obj": {"type": "AssignString", "path": ["parameters", "optimizer_type"], "value": "adam"}, "version": 40}
{"obj": {"type": "AssignFloat", "path": ["parameters", "clas_w"], "value": 0.1}, "version": 41}
{"obj": {"type": "AssignFloat", "path": ["parameters", "dann_w"], "value": 0.1}, "version": 42}
{"obj": {"type": "AssignFloat", "path": ["parameters", "rec_w"], "value": 0.8}, "version": 43}
{"obj": {"type": "AssignString", "path": ["parameters", "ae_activation"], "value": "relu"}, "version": 44}
{"obj": {"type": "AssignString", "path": ["parameters", "ae_output_activation"], "value": "linear"}, "version": 45}
{"obj": {"type": "AssignString", "path": ["parameters", "ae_init"], "value": "glorot_uniform"}, "version": 46}
{"obj": {"type": "AssignBool", "path": ["parameters", "ae_batchnorm"], "value": true}, "version": 47}
{"obj": {"type": "AssignBool", "path": ["parameters", "class_batchnorm"], "value": true}, "version": 48}
{"obj": {"type": "AssignString", "path": ["parameters", "class_activation"], "value": "relu"}, "version": 49}
{"obj": {"type": "AssignString", "path": ["parameters", "class_output_activation"], "value": "softmax"}, "version": 50}
{"obj": {"type": "AssignBool", "path": ["parameters", "dann_batchnorm"], "value": true}, "version": 51}
{"obj": {"type": "AssignString", "path": ["parameters", "dann_activation"], "value": "relu"}, "version": 52}
{"obj": {"type": "AssignString", "path": ["parameters", "dann_output_activation"], "value": "softmax"}, "version": 53}
{"obj": {"type": "AssignString", "path": ["parameters", "training_scheme"], "value": "training_scheme_1"}, "version": 54}
{"obj": {"type": "AssignBool", "path": ["parameters", "log_neptune"], "value": true}, "version": 55}
{"obj": {"type": "AssignString", "path": ["parameters", "workflow_id"], "value": "default"}, "version": 56}
{"obj": {"type": "LogStrings", "path": ["monitoring", "fb33e6a0", "stdout"], "values": [{"value": "categorical_crossentropy loss not supported for rec", "step": null, "ts": 1699010927.2881677}]}, "version": 57}
{"obj": {"type": "LogStrings", "path": ["monitoring", "fb33e6a0", "stdout"], "values": [{"value": "\n", "step": null, "ts": 1699010927.290611}]}, "version": 58}
{"obj": {"type": "LogStrings", "path": ["monitoring", "fb33e6a0", "stdout"], "values": [{"value": "MSE loss not supported for classif", "step": null, "ts": 1699010927.307645}]}, "version": 59}
{"obj": {"type": "LogStrings", "path": ["monitoring", "fb33e6a0", "stdout"], "values": [{"value": "\n", "step": null, "ts": 1699010927.3125858}]}, "version": 60}
{"obj": {"type": "LogFloats", "path": ["monitoring", "fb33e6a0", "cpu"], "values": [{"value": 1.8, "step": null, "ts": 1699010937.0684683}]}, "version": 61}
{"obj": {"type": "LogFloats", "path": ["monitoring", "fb33e6a0", "memory"], "values": [{"value": 15.54888916015625, "step": null, "ts": 1699010937.0684683}]}, "version": 62}
{"obj": {"type": "LogFloats", "path": ["monitoring", "fb33e6a0", "cpu"], "values": [{"value": 1.7, "step": null, "ts": 1699010947.075756}]}, "version": 63}
{"obj": {"type": "LogFloats", "path": ["monitoring", "fb33e6a0", "memory"], "values": [{"value": 15.573726654052734, "step": null, "ts": 1699010947.075756}]}, "version": 64}
{"obj": {"type": "LogFloats", "path": ["monitoring", "fb33e6a0", "cpu"], "values": [{"value": 1.8, "step": null, "ts": 1699010957.0846756}]}, "version": 65}
{"obj": {"type": "LogFloats", "path": ["monitoring", "fb33e6a0", "memory"], "values": [{"value": 15.595550537109375, "step": null, "ts": 1699010957.0846756}]}, "version": 66}
{"obj": {"type": "LogFloats", "path": ["monitoring", "fb33e6a0", "cpu"], "values": [{"value": 1.8, "step": null, "ts": 1699010967.0931728}]}, "version": 67}
{"obj": {"type": "LogFloats", "path": ["monitoring", "fb33e6a0", "memory"], "values": [{"value": 15.563461303710938, "step": null, "ts": 1699010967.0931728}]}, "version": 68}
