{"obj": {"type": "AssignString", "path": ["sys", "name"], "value": "Untitled"}, "version": 1}
{"obj": {"type": "AssignString", "path": ["sys", "description"], "value": ""}, "version": 2}
{"obj": {"type": "AssignString", "path": ["monitoring", "389dd9c9", "hostname"], "value": "login-hpc"}, "version": 3}
{"obj": {"type": "AssignString", "path": ["sys", "hostname"], "value": "login-hpc"}, "version": 4}
{"obj": {"type": "AssignString", "path": ["monitoring", "389dd9c9", "pid"], "value": "29979"}, "version": 5}
{"obj": {"type": "AssignString", "path": ["monitoring", "389dd9c9", "tid"], "value": "46912496365312"}, "version": 6}
{"obj": {"type": "AssignBool", "path": ["sys", "failed"], "value": false}, "version": 7}
{"obj": {"type": "ClearStringLog", "path": ["monitoring", "389dd9c9", "stdout"]}, "version": 8}
{"obj": {"type": "ClearStringLog", "path": ["monitoring", "389dd9c9", "stderr"]}, "version": 9}
{"obj": {"type": "AssignString", "path": ["source_code", "entrypoint"], "value": "workflow_hp.py"}, "version": 10}
{"obj": {"type": "UploadFileSet", "path": ["source_code", "files"], "file_globs": ["/home/acollin/dca_permuted_workflow/workflow/workflow_hp.py"], "reset": "False"}, "version": 11}
{"obj": {"type": "UploadFile", "path": ["source_code", "diff"], "ext": "patch", "file_path": null, "tmp_file_name": "source_code_diff-1699017136.473443-2023-11-03_14.12.16.473443.patch", "clean_after_upload": false}, "version": 12}
{"obj": {"type": "LogStrings", "path": ["monitoring", "389dd9c9", "stderr"], "values": [{"value": "Info (NVML): NVML Shared Library Not Found. GPU usage metrics may not be reported. For more information, see https://docs.neptune.ai/help/nvml_error/\n", "step": null, "ts": 1699017136.5384169}]}, "version": 13}
{"obj": {"type": "ConfigFloatSeries", "path": ["monitoring", "389dd9c9", "cpu"], "min": 0.0, "max": 100.0, "unit": "%"}, "version": 14}
{"obj": {"type": "ClearFloatLog", "path": ["monitoring", "389dd9c9", "cpu"]}, "version": 15}
{"obj": {"type": "ConfigFloatSeries", "path": ["monitoring", "389dd9c9", "memory"], "min": 0.0, "max": 125.35282516479492, "unit": "GB"}, "version": 16}
{"obj": {"type": "ClearFloatLog", "path": ["monitoring", "389dd9c9", "memory"]}, "version": 17}
{"obj": {"type": "AssignString", "path": ["parameters", "dataset_name"], "value": "htap_final_by_batch"}, "version": 18}
{"obj": {"type": "AssignString", "path": ["parameters", "class_key"], "value": "celltype"}, "version": 19}
{"obj": {"type": "AssignString", "path": ["parameters", "batch_key"], "value": "donor"}, "version": 20}
{"obj": {"type": "LogFloats", "path": ["monitoring", "389dd9c9", "cpu"], "values": [{"value": 6.4, "step": null, "ts": 1699017136.5593858}]}, "version": 21}
{"obj": {"type": "AssignBool", "path": ["parameters", "filter_min_counts"], "value": true}, "version": 22}
{"obj": {"type": "LogFloats", "path": ["monitoring", "389dd9c9", "memory"], "values": [{"value": 17.14714813232422, "step": null, "ts": 1699017136.5593858}]}, "version": 23}
{"obj": {"type": "AssignBool", "path": ["parameters", "normalize_size_factors"], "value": true}, "version": 24}
{"obj": {"type": "AssignBool", "path": ["parameters", "scale_input"], "value": false}, "version": 25}
{"obj": {"type": "AssignBool", "path": ["parameters", "logtrans_input"], "value": true}, "version": 26}
{"obj": {"type": "AssignInt", "path": ["parameters", "use_hvg"], "value": 5000}, "version": 27}
{"obj": {"type": "AssignInt", "path": ["parameters", "batch_size"], "value": 128}, "version": 28}
{"obj": {"type": "AssignString", "path": ["parameters", "mode"], "value": "entire_condition"}, "version": 29}
{"obj": {"type": "AssignFloat", "path": ["parameters", "pct_split"], "value": 0.9}, "version": 30}
{"obj": {"type": "AssignString", "path": ["parameters", "obs_key"], "value": "donor"}, "version": 31}
{"obj": {"type": "LogStrings", "path": ["monitoring", "389dd9c9", "stderr"], "values": [{"value": "/home/acollin/dca_permuted_workflow/workflow/workflow_hp.py:450: NeptuneUnsupportedType: You're attempting to log a type that is not directly supported by Neptune (<class 'NoneType'>).\n        Convert the value to a supported type, such as a string or float, or use stringify_unsupported(obj)\n        for dictionaries or collections that contain unsupported values.\n        For more, see https://docs.neptune.ai/help/value_of_unsupported_type\n  self.run[f\"parameters/{par}\"] = val\n", "step": null, "ts": 1699017136.5980742}]}, "version": 32}
{"obj": {"type": "AssignInt", "path": ["parameters", "train_test_random_seed"], "value": 0}, "version": 33}
{"obj": {"type": "LogStrings", "path": ["monitoring", "389dd9c9", "stderr"], "values": [{"value": "/home/acollin/dca_permuted_workflow/workflow/workflow_hp.py:450: NeptuneUnsupportedType: You're attempting to log a type that is not directly supported by Neptune (<class 'list'>).\n        Convert the value to a supported type, such as a string or float, or use stringify_unsupported(obj)\n        for dictionaries or collections that contain unsupported values.\n        For more, see https://docs.neptune.ai/help/value_of_unsupported_type\n  self.run[f\"parameters/{par}\"] = val\n", "step": null, "ts": 1699017136.6018884}]}, "version": 34}
{"obj": {"type": "AssignBool", "path": ["parameters", "make_fake"], "value": false}, "version": 35}
{"obj": {"type": "AssignString", "path": ["parameters", "clas_loss_fn"], "value": "MSE"}, "version": 36}
{"obj": {"type": "AssignString", "path": ["parameters", "dann_los_fn"], "value": "categorical_crossentropy"}, "version": 37}
{"obj": {"type": "AssignString", "path": ["parameters", "rec_loss_fn"], "value": "categorical_crossentropy"}, "version": 38}
{"obj": {"type": "AssignFloat", "path": ["parameters", "learning_rate"], "value": 0.001}, "version": 39}
{"obj": {"type": "AssignString", "path": ["parameters", "optimizer_type"], "value": "adam"}, "version": 40}
{"obj": {"type": "AssignFloat", "path": ["parameters", "clas_w"], "value": 0.1}, "version": 41}
{"obj": {"type": "AssignFloat", "path": ["parameters", "dann_w"], "value": 0.1}, "version": 42}
{"obj": {"type": "AssignFloat", "path": ["parameters", "rec_w"], "value": 0.8}, "version": 43}
{"obj": {"type": "AssignString", "path": ["parameters", "ae_activation"], "value": "relu"}, "version": 44}
{"obj": {"type": "AssignString", "path": ["parameters", "ae_output_activation"], "value": "linear"}, "version": 45}
{"obj": {"type": "AssignString", "path": ["parameters", "ae_init"], "value": "glorot_uniform"}, "version": 46}
{"obj": {"type": "AssignBool", "path": ["parameters", "ae_batchnorm"], "value": true}, "version": 47}
{"obj": {"type": "AssignBool", "path": ["parameters", "class_batchnorm"], "value": true}, "version": 48}
{"obj": {"type": "AssignString", "path": ["parameters", "class_activation"], "value": "relu"}, "version": 49}
{"obj": {"type": "AssignString", "path": ["parameters", "class_output_activation"], "value": "softmax"}, "version": 50}
{"obj": {"type": "AssignBool", "path": ["parameters", "dann_batchnorm"], "value": true}, "version": 51}
{"obj": {"type": "AssignString", "path": ["parameters", "dann_activation"], "value": "relu"}, "version": 52}
{"obj": {"type": "AssignString", "path": ["parameters", "dann_output_activation"], "value": "softmax"}, "version": 53}
{"obj": {"type": "AssignString", "path": ["parameters", "training_scheme"], "value": "training_scheme_1"}, "version": 54}
{"obj": {"type": "AssignBool", "path": ["parameters", "log_neptune"], "value": true}, "version": 55}
{"obj": {"type": "AssignString", "path": ["parameters", "workflow_id"], "value": "default"}, "version": 56}
{"obj": {"type": "LogStrings", "path": ["monitoring", "389dd9c9", "stdout"], "values": [{"value": "categorical_crossentropy loss not supported for rec", "step": null, "ts": 1699017136.73649}]}, "version": 57}
{"obj": {"type": "LogStrings", "path": ["monitoring", "389dd9c9", "stdout"], "values": [{"value": "\n", "step": null, "ts": 1699017136.7385664}]}, "version": 58}
{"obj": {"type": "LogStrings", "path": ["monitoring", "389dd9c9", "stdout"], "values": [{"value": "MSE loss not supported for classif", "step": null, "ts": 1699017136.7465222}]}, "version": 59}
{"obj": {"type": "LogStrings", "path": ["monitoring", "389dd9c9", "stdout"], "values": [{"value": "\n", "step": null, "ts": 1699017136.7550077}]}, "version": 60}
{"obj": {"type": "LogFloats", "path": ["monitoring", "389dd9c9", "cpu"], "values": [{"value": 1.1, "step": null, "ts": 1699017146.5770087}]}, "version": 61}
{"obj": {"type": "LogFloats", "path": ["monitoring", "389dd9c9", "memory"], "values": [{"value": 17.159103393554688, "step": null, "ts": 1699017146.5770087}]}, "version": 62}
{"obj": {"type": "LogFloats", "path": ["monitoring", "389dd9c9", "cpu"], "values": [{"value": 1.5, "step": null, "ts": 1699017156.5876043}]}, "version": 63}
{"obj": {"type": "LogFloats", "path": ["monitoring", "389dd9c9", "memory"], "values": [{"value": 17.17563247680664, "step": null, "ts": 1699017156.5876043}]}, "version": 64}
{"obj": {"type": "LogFloats", "path": ["monitoring", "389dd9c9", "cpu"], "values": [{"value": 1.0, "step": null, "ts": 1699017166.5936534}]}, "version": 65}
{"obj": {"type": "LogFloats", "path": ["monitoring", "389dd9c9", "memory"], "values": [{"value": 17.17792510986328, "step": null, "ts": 1699017166.5936534}]}, "version": 66}
{"obj": {"type": "LogFloats", "path": ["monitoring", "389dd9c9", "cpu"], "values": [{"value": 0.8, "step": null, "ts": 1699017176.6048508}]}, "version": 67}
{"obj": {"type": "LogFloats", "path": ["monitoring", "389dd9c9", "memory"], "values": [{"value": 17.181873321533203, "step": null, "ts": 1699017176.6048508}]}, "version": 68}
{"obj": {"type": "LogFloats", "path": ["monitoring", "389dd9c9", "cpu"], "values": [{"value": 1.1, "step": null, "ts": 1699017186.6106086}]}, "version": 69}
{"obj": {"type": "LogFloats", "path": ["monitoring", "389dd9c9", "memory"], "values": [{"value": 17.187049865722656, "step": null, "ts": 1699017186.6106086}]}, "version": 70}
{"obj": {"type": "LogFloats", "path": ["monitoring", "389dd9c9", "cpu"], "values": [{"value": 1.0, "step": null, "ts": 1699017196.6214225}]}, "version": 71}
{"obj": {"type": "LogFloats", "path": ["monitoring", "389dd9c9", "memory"], "values": [{"value": 17.172103881835938, "step": null, "ts": 1699017196.6214225}]}, "version": 72}
{"obj": {"type": "LogFloats", "path": ["monitoring", "389dd9c9", "cpu"], "values": [{"value": 1.1, "step": null, "ts": 1699017206.627536}]}, "version": 73}
{"obj": {"type": "LogFloats", "path": ["monitoring", "389dd9c9", "memory"], "values": [{"value": 17.183605194091797, "step": null, "ts": 1699017206.627536}]}, "version": 74}
{"obj": {"type": "LogFloats", "path": ["monitoring", "389dd9c9", "cpu"], "values": [{"value": 0.6, "step": null, "ts": 1699017216.6378524}]}, "version": 75}
{"obj": {"type": "LogFloats", "path": ["monitoring", "389dd9c9", "memory"], "values": [{"value": 17.18166732788086, "step": null, "ts": 1699017216.6378524}]}, "version": 76}
{"obj": {"type": "LogFloats", "path": ["monitoring", "389dd9c9", "cpu"], "values": [{"value": 0.7, "step": null, "ts": 1699017226.6439672}]}, "version": 77}
{"obj": {"type": "LogFloats", "path": ["monitoring", "389dd9c9", "memory"], "values": [{"value": 17.182689666748047, "step": null, "ts": 1699017226.6439672}]}, "version": 78}
{"obj": {"type": "LogFloats", "path": ["monitoring", "389dd9c9", "cpu"], "values": [{"value": 1.8, "step": null, "ts": 1699017236.6534357}]}, "version": 79}
{"obj": {"type": "LogFloats", "path": ["monitoring", "389dd9c9", "memory"], "values": [{"value": 17.434524536132812, "step": null, "ts": 1699017236.6534357}]}, "version": 80}
{"obj": {"type": "LogFloats", "path": ["monitoring", "389dd9c9", "cpu"], "values": [{"value": 5.4, "step": null, "ts": 1699017246.6599348}]}, "version": 81}
{"obj": {"type": "LogFloats", "path": ["monitoring", "389dd9c9", "memory"], "values": [{"value": 18.100521087646484, "step": null, "ts": 1699017246.6599348}]}, "version": 82}
{"obj": {"type": "LogFloats", "path": ["monitoring", "389dd9c9", "cpu"], "values": [{"value": 4.2, "step": null, "ts": 1699017256.6712747}]}, "version": 83}
{"obj": {"type": "LogFloats", "path": ["monitoring", "389dd9c9", "memory"], "values": [{"value": 19.110374450683594, "step": null, "ts": 1699017256.6712747}]}, "version": 84}
{"obj": {"type": "LogFloats", "path": ["monitoring", "389dd9c9", "cpu"], "values": [{"value": 2.3, "step": null, "ts": 1699017266.6778271}]}, "version": 85}
{"obj": {"type": "LogFloats", "path": ["monitoring", "389dd9c9", "memory"], "values": [{"value": 19.185543060302734, "step": null, "ts": 1699017266.6778271}]}, "version": 86}
{"obj": {"type": "LogFloats", "path": ["monitoring", "389dd9c9", "cpu"], "values": [{"value": 1.2, "step": null, "ts": 1699017276.6865516}]}, "version": 87}
{"obj": {"type": "LogFloats", "path": ["monitoring", "389dd9c9", "memory"], "values": [{"value": 18.329280853271484, "step": null, "ts": 1699017276.6865516}]}, "version": 88}
{"obj": {"type": "LogFloats", "path": ["monitoring", "389dd9c9", "cpu"], "values": [{"value": 1.1, "step": null, "ts": 1699017286.6925313}]}, "version": 89}
{"obj": {"type": "LogFloats", "path": ["monitoring", "389dd9c9", "memory"], "values": [{"value": 18.327842712402344, "step": null, "ts": 1699017286.6925313}]}, "version": 90}
{"obj": {"type": "LogFloats", "path": ["monitoring", "389dd9c9", "cpu"], "values": [{"value": 1.9, "step": null, "ts": 1699017296.7037387}]}, "version": 91}
{"obj": {"type": "LogFloats", "path": ["monitoring", "389dd9c9", "memory"], "values": [{"value": 17.16741943359375, "step": null, "ts": 1699017296.7037387}]}, "version": 92}
{"obj": {"type": "LogFloats", "path": ["monitoring", "389dd9c9", "cpu"], "values": [{"value": 2.0, "step": null, "ts": 1699017306.7097032}]}, "version": 93}
{"obj": {"type": "LogFloats", "path": ["monitoring", "389dd9c9", "memory"], "values": [{"value": 17.17462921142578, "step": null, "ts": 1699017306.7097032}]}, "version": 94}
{"obj": {"type": "LogFloats", "path": ["monitoring", "389dd9c9", "cpu"], "values": [{"value": 1.4, "step": null, "ts": 1699017316.7166407}]}, "version": 95}
{"obj": {"type": "LogFloats", "path": ["monitoring", "389dd9c9", "memory"], "values": [{"value": 17.18212890625, "step": null, "ts": 1699017316.7166407}]}, "version": 96}
{"obj": {"type": "LogFloats", "path": ["monitoring", "389dd9c9", "cpu"], "values": [{"value": 1.3, "step": null, "ts": 1699017326.7228756}]}, "version": 97}
{"obj": {"type": "LogFloats", "path": ["monitoring", "389dd9c9", "memory"], "values": [{"value": 17.188533782958984, "step": null, "ts": 1699017326.7228756}]}, "version": 98}
{"obj": {"type": "LogFloats", "path": ["monitoring", "389dd9c9", "cpu"], "values": [{"value": 1.3, "step": null, "ts": 1699017336.733561}]}, "version": 99}
{"obj": {"type": "LogFloats", "path": ["monitoring", "389dd9c9", "memory"], "values": [{"value": 17.19719696044922, "step": null, "ts": 1699017336.733561}]}, "version": 100}
{"obj": {"type": "LogFloats", "path": ["monitoring", "389dd9c9", "cpu"], "values": [{"value": 1.1, "step": null, "ts": 1699017346.7392588}]}, "version": 101}
{"obj": {"type": "LogFloats", "path": ["monitoring", "389dd9c9", "memory"], "values": [{"value": 17.205799102783203, "step": null, "ts": 1699017346.7392588}]}, "version": 102}
{"obj": {"type": "LogFloats", "path": ["monitoring", "389dd9c9", "cpu"], "values": [{"value": 0.8, "step": null, "ts": 1699017356.7503238}]}, "version": 103}
{"obj": {"type": "LogFloats", "path": ["monitoring", "389dd9c9", "memory"], "values": [{"value": 17.210872650146484, "step": null, "ts": 1699017356.7503238}]}, "version": 104}
{"obj": {"type": "LogFloats", "path": ["monitoring", "389dd9c9", "cpu"], "values": [{"value": 0.7, "step": null, "ts": 1699017366.7569346}]}, "version": 105}
{"obj": {"type": "LogFloats", "path": ["monitoring", "389dd9c9", "memory"], "values": [{"value": 17.212360382080078, "step": null, "ts": 1699017366.7569346}]}, "version": 106}
{"obj": {"type": "LogFloats", "path": ["monitoring", "389dd9c9", "cpu"], "values": [{"value": 0.8, "step": null, "ts": 1699017376.7677705}]}, "version": 107}
{"obj": {"type": "LogFloats", "path": ["monitoring", "389dd9c9", "memory"], "values": [{"value": 17.2152099609375, "step": null, "ts": 1699017376.7677705}]}, "version": 108}
{"obj": {"type": "LogFloats", "path": ["monitoring", "389dd9c9", "cpu"], "values": [{"value": 1.0, "step": null, "ts": 1699017386.7744522}]}, "version": 109}
{"obj": {"type": "LogFloats", "path": ["monitoring", "389dd9c9", "memory"], "values": [{"value": 17.221527099609375, "step": null, "ts": 1699017386.7744522}]}, "version": 110}
{"obj": {"type": "LogFloats", "path": ["monitoring", "389dd9c9", "cpu"], "values": [{"value": 1.3, "step": null, "ts": 1699017396.7853484}]}, "version": 111}
{"obj": {"type": "LogFloats", "path": ["monitoring", "389dd9c9", "memory"], "values": [{"value": 17.22551727294922, "step": null, "ts": 1699017396.7853484}]}, "version": 112}
{"obj": {"type": "LogFloats", "path": ["monitoring", "389dd9c9", "cpu"], "values": [{"value": 1.4, "step": null, "ts": 1699017406.7924507}]}, "version": 113}
{"obj": {"type": "LogFloats", "path": ["monitoring", "389dd9c9", "memory"], "values": [{"value": 17.245803833007812, "step": null, "ts": 1699017406.7924507}]}, "version": 114}
{"obj": {"type": "LogFloats", "path": ["monitoring", "389dd9c9", "cpu"], "values": [{"value": 1.3, "step": null, "ts": 1699017416.8002644}]}, "version": 115}
{"obj": {"type": "LogFloats", "path": ["monitoring", "389dd9c9", "memory"], "values": [{"value": 17.247127532958984, "step": null, "ts": 1699017416.8002644}]}, "version": 116}
{"obj": {"type": "LogFloats", "path": ["monitoring", "389dd9c9", "cpu"], "values": [{"value": 1.3, "step": null, "ts": 1699017426.8060248}]}, "version": 117}
{"obj": {"type": "LogFloats", "path": ["monitoring", "389dd9c9", "memory"], "values": [{"value": 17.262149810791016, "step": null, "ts": 1699017426.8060248}]}, "version": 118}
{"obj": {"type": "LogFloats", "path": ["monitoring", "389dd9c9", "cpu"], "values": [{"value": 1.3, "step": null, "ts": 1699017436.8170352}]}, "version": 119}
{"obj": {"type": "LogFloats", "path": ["monitoring", "389dd9c9", "memory"], "values": [{"value": 17.26999282836914, "step": null, "ts": 1699017436.8170352}]}, "version": 120}
{"obj": {"type": "LogFloats", "path": ["monitoring", "389dd9c9", "cpu"], "values": [{"value": 1.3, "step": null, "ts": 1699017446.8232358}]}, "version": 121}
{"obj": {"type": "LogFloats", "path": ["monitoring", "389dd9c9", "memory"], "values": [{"value": 17.280227661132812, "step": null, "ts": 1699017446.8232358}]}, "version": 122}
{"obj": {"type": "LogFloats", "path": ["monitoring", "389dd9c9", "cpu"], "values": [{"value": 0.5, "step": null, "ts": 1699017456.8343463}]}, "version": 123}
{"obj": {"type": "LogFloats", "path": ["monitoring", "389dd9c9", "memory"], "values": [{"value": 17.028213500976562, "step": null, "ts": 1699017456.8343463}]}, "version": 124}
{"obj": {"type": "LogFloats", "path": ["monitoring", "389dd9c9", "cpu"], "values": [{"value": 0.3, "step": null, "ts": 1699017466.8410778}]}, "version": 125}
{"obj": {"type": "LogFloats", "path": ["monitoring", "389dd9c9", "memory"], "values": [{"value": 17.032489776611328, "step": null, "ts": 1699017466.8410778}]}, "version": 126}
{"obj": {"type": "LogFloats", "path": ["monitoring", "389dd9c9", "cpu"], "values": [{"value": 0.9, "step": null, "ts": 1699017476.8529458}]}, "version": 127}
{"obj": {"type": "LogFloats", "path": ["monitoring", "389dd9c9", "memory"], "values": [{"value": 17.026138305664062, "step": null, "ts": 1699017476.8529458}]}, "version": 128}
{"obj": {"type": "LogFloats", "path": ["monitoring", "389dd9c9", "cpu"], "values": [{"value": 0.1, "step": null, "ts": 1699017486.8596718}]}, "version": 129}
{"obj": {"type": "LogFloats", "path": ["monitoring", "389dd9c9", "memory"], "values": [{"value": 17.024059295654297, "step": null, "ts": 1699017486.8596718}]}, "version": 130}
{"obj": {"type": "LogFloats", "path": ["monitoring", "389dd9c9", "cpu"], "values": [{"value": 0.2, "step": null, "ts": 1699017496.8719623}]}, "version": 131}
{"obj": {"type": "LogFloats", "path": ["monitoring", "389dd9c9", "memory"], "values": [{"value": 17.025718688964844, "step": null, "ts": 1699017496.8719623}]}, "version": 132}
{"obj": {"type": "LogFloats", "path": ["monitoring", "389dd9c9", "cpu"], "values": [{"value": 0.2, "step": null, "ts": 1699017506.879704}]}, "version": 133}
{"obj": {"type": "LogFloats", "path": ["monitoring", "389dd9c9", "memory"], "values": [{"value": 17.023895263671875, "step": null, "ts": 1699017506.879704}]}, "version": 134}
{"obj": {"type": "LogFloats", "path": ["monitoring", "389dd9c9", "cpu"], "values": [{"value": 0.1, "step": null, "ts": 1699017516.891883}]}, "version": 135}
{"obj": {"type": "LogFloats", "path": ["monitoring", "389dd9c9", "memory"], "values": [{"value": 17.021732330322266, "step": null, "ts": 1699017516.891883}]}, "version": 136}
{"obj": {"type": "LogFloats", "path": ["monitoring", "389dd9c9", "cpu"], "values": [{"value": 0.2, "step": null, "ts": 1699017526.916296}]}, "version": 137}
{"obj": {"type": "LogFloats", "path": ["monitoring", "389dd9c9", "memory"], "values": [{"value": 17.019813537597656, "step": null, "ts": 1699017526.916296}]}, "version": 138}
{"obj": {"type": "LogFloats", "path": ["monitoring", "389dd9c9", "cpu"], "values": [{"value": 0.2, "step": null, "ts": 1699017536.929276}]}, "version": 139}
{"obj": {"type": "LogFloats", "path": ["monitoring", "389dd9c9", "memory"], "values": [{"value": 17.020397186279297, "step": null, "ts": 1699017536.929276}]}, "version": 140}
{"obj": {"type": "LogFloats", "path": ["monitoring", "389dd9c9", "cpu"], "values": [{"value": 0.2, "step": null, "ts": 1699017546.9372494}]}, "version": 141}
{"obj": {"type": "LogFloats", "path": ["monitoring", "389dd9c9", "memory"], "values": [{"value": 17.018653869628906, "step": null, "ts": 1699017546.9372494}]}, "version": 142}
{"obj": {"type": "LogFloats", "path": ["monitoring", "389dd9c9", "cpu"], "values": [{"value": 0.2, "step": null, "ts": 1699017556.9504323}]}, "version": 143}
{"obj": {"type": "LogFloats", "path": ["monitoring", "389dd9c9", "memory"], "values": [{"value": 17.019851684570312, "step": null, "ts": 1699017556.9504323}]}, "version": 144}
{"obj": {"type": "LogFloats", "path": ["monitoring", "389dd9c9", "cpu"], "values": [{"value": 0.2, "step": null, "ts": 1699017566.958377}]}, "version": 145}
{"obj": {"type": "LogFloats", "path": ["monitoring", "389dd9c9", "memory"], "values": [{"value": 17.020469665527344, "step": null, "ts": 1699017566.958377}]}, "version": 146}
{"obj": {"type": "LogFloats", "path": ["monitoring", "389dd9c9", "cpu"], "values": [{"value": 0.1, "step": null, "ts": 1699017576.971004}]}, "version": 147}
{"obj": {"type": "LogFloats", "path": ["monitoring", "389dd9c9", "memory"], "values": [{"value": 17.01901626586914, "step": null, "ts": 1699017576.971004}]}, "version": 148}
{"obj": {"type": "LogFloats", "path": ["monitoring", "389dd9c9", "cpu"], "values": [{"value": 0.2, "step": null, "ts": 1699017586.9782748}]}, "version": 149}
{"obj": {"type": "LogFloats", "path": ["monitoring", "389dd9c9", "memory"], "values": [{"value": 17.02248764038086, "step": null, "ts": 1699017586.9782748}]}, "version": 150}
{"obj": {"type": "LogFloats", "path": ["monitoring", "389dd9c9", "cpu"], "values": [{"value": 0.7, "step": null, "ts": 1699017596.9916112}]}, "version": 151}
{"obj": {"type": "LogFloats", "path": ["monitoring", "389dd9c9", "memory"], "values": [{"value": 17.06957244873047, "step": null, "ts": 1699017596.9916112}]}, "version": 152}
{"obj": {"type": "LogFloats", "path": ["monitoring", "389dd9c9", "cpu"], "values": [{"value": 1.3, "step": null, "ts": 1699017606.9985218}]}, "version": 153}
{"obj": {"type": "LogFloats", "path": ["monitoring", "389dd9c9", "memory"], "values": [{"value": 17.096485137939453, "step": null, "ts": 1699017606.9985218}]}, "version": 154}
{"obj": {"type": "LogFloats", "path": ["monitoring", "389dd9c9", "cpu"], "values": [{"value": 0.2, "step": null, "ts": 1699017617.0116575}]}, "version": 155}
{"obj": {"type": "LogFloats", "path": ["monitoring", "389dd9c9", "memory"], "values": [{"value": 17.096691131591797, "step": null, "ts": 1699017617.0116575}]}, "version": 156}
{"obj": {"type": "LogFloats", "path": ["monitoring", "389dd9c9", "cpu"], "values": [{"value": 0.1, "step": null, "ts": 1699017627.0198803}]}, "version": 157}
{"obj": {"type": "LogFloats", "path": ["monitoring", "389dd9c9", "memory"], "values": [{"value": 17.095661163330078, "step": null, "ts": 1699017627.0198803}]}, "version": 158}
{"obj": {"type": "LogFloats", "path": ["monitoring", "389dd9c9", "cpu"], "values": [{"value": 0.2, "step": null, "ts": 1699017637.032066}]}, "version": 159}
{"obj": {"type": "LogFloats", "path": ["monitoring", "389dd9c9", "memory"], "values": [{"value": 17.10019302368164, "step": null, "ts": 1699017637.032066}]}, "version": 160}
{"obj": {"type": "LogFloats", "path": ["monitoring", "389dd9c9", "cpu"], "values": [{"value": 0.2, "step": null, "ts": 1699017647.0389743}]}, "version": 161}
{"obj": {"type": "LogFloats", "path": ["monitoring", "389dd9c9", "memory"], "values": [{"value": 17.103267669677734, "step": null, "ts": 1699017647.0389743}]}, "version": 162}
{"obj": {"type": "LogFloats", "path": ["monitoring", "389dd9c9", "cpu"], "values": [{"value": 0.1, "step": null, "ts": 1699017657.051403}]}, "version": 163}
{"obj": {"type": "LogFloats", "path": ["monitoring", "389dd9c9", "memory"], "values": [{"value": 17.10370635986328, "step": null, "ts": 1699017657.051403}]}, "version": 164}
{"obj": {"type": "LogFloats", "path": ["monitoring", "389dd9c9", "cpu"], "values": [{"value": 0.2, "step": null, "ts": 1699017667.0587914}]}, "version": 165}
{"obj": {"type": "LogFloats", "path": ["monitoring", "389dd9c9", "memory"], "values": [{"value": 17.104637145996094, "step": null, "ts": 1699017667.0587914}]}, "version": 166}
{"obj": {"type": "LogFloats", "path": ["monitoring", "389dd9c9", "cpu"], "values": [{"value": 0.2, "step": null, "ts": 1699017677.0711699}]}, "version": 167}
{"obj": {"type": "LogFloats", "path": ["monitoring", "389dd9c9", "memory"], "values": [{"value": 17.10443878173828, "step": null, "ts": 1699017677.0711699}]}, "version": 168}
{"obj": {"type": "LogFloats", "path": ["monitoring", "389dd9c9", "cpu"], "values": [{"value": 0.2, "step": null, "ts": 1699017687.0846624}]}, "version": 169}
{"obj": {"type": "LogFloats", "path": ["monitoring", "389dd9c9", "memory"], "values": [{"value": 17.10479736328125, "step": null, "ts": 1699017687.0846624}]}, "version": 170}
{"obj": {"type": "LogFloats", "path": ["monitoring", "389dd9c9", "cpu"], "values": [{"value": 0.1, "step": null, "ts": 1699017697.0980587}]}, "version": 171}
{"obj": {"type": "LogFloats", "path": ["monitoring", "389dd9c9", "memory"], "values": [{"value": 17.104267120361328, "step": null, "ts": 1699017697.0980587}]}, "version": 172}
{"obj": {"type": "LogFloats", "path": ["monitoring", "389dd9c9", "cpu"], "values": [{"value": 0.2, "step": null, "ts": 1699017707.1064718}]}, "version": 173}
{"obj": {"type": "LogFloats", "path": ["monitoring", "389dd9c9", "memory"], "values": [{"value": 17.103904724121094, "step": null, "ts": 1699017707.1064718}]}, "version": 174}
{"obj": {"type": "LogFloats", "path": ["monitoring", "389dd9c9", "cpu"], "values": [{"value": 0.2, "step": null, "ts": 1699017717.1198764}]}, "version": 175}
{"obj": {"type": "LogFloats", "path": ["monitoring", "389dd9c9", "memory"], "values": [{"value": 17.104991912841797, "step": null, "ts": 1699017717.1198764}]}, "version": 176}
{"obj": {"type": "LogFloats", "path": ["monitoring", "389dd9c9", "cpu"], "values": [{"value": 0.1, "step": null, "ts": 1699017727.1284156}]}, "version": 177}
{"obj": {"type": "LogFloats", "path": ["monitoring", "389dd9c9", "memory"], "values": [{"value": 17.102752685546875, "step": null, "ts": 1699017727.1284156}]}, "version": 178}
{"obj": {"type": "LogFloats", "path": ["monitoring", "389dd9c9", "cpu"], "values": [{"value": 0.2, "step": null, "ts": 1699017737.141817}]}, "version": 179}
{"obj": {"type": "LogFloats", "path": ["monitoring", "389dd9c9", "memory"], "values": [{"value": 17.10367202758789, "step": null, "ts": 1699017737.141817}]}, "version": 180}
{"obj": {"type": "LogFloats", "path": ["monitoring", "389dd9c9", "cpu"], "values": [{"value": 0.2, "step": null, "ts": 1699017747.1504893}]}, "version": 181}
{"obj": {"type": "LogFloats", "path": ["monitoring", "389dd9c9", "memory"], "values": [{"value": 17.102436065673828, "step": null, "ts": 1699017747.1504893}]}, "version": 182}
{"obj": {"type": "LogFloats", "path": ["monitoring", "389dd9c9", "cpu"], "values": [{"value": 0.2, "step": null, "ts": 1699017757.1639297}]}, "version": 183}
{"obj": {"type": "LogFloats", "path": ["monitoring", "389dd9c9", "memory"], "values": [{"value": 17.10155487060547, "step": null, "ts": 1699017757.1639297}]}, "version": 184}
{"obj": {"type": "LogFloats", "path": ["monitoring", "389dd9c9", "cpu"], "values": [{"value": 0.1, "step": null, "ts": 1699017767.172144}]}, "version": 185}
{"obj": {"type": "LogFloats", "path": ["monitoring", "389dd9c9", "memory"], "values": [{"value": 17.10354232788086, "step": null, "ts": 1699017767.172144}]}, "version": 186}
{"obj": {"type": "LogFloats", "path": ["monitoring", "389dd9c9", "cpu"], "values": [{"value": 0.2, "step": null, "ts": 1699017777.1859758}]}, "version": 187}
{"obj": {"type": "LogFloats", "path": ["monitoring", "389dd9c9", "memory"], "values": [{"value": 17.106552124023438, "step": null, "ts": 1699017777.1859758}]}, "version": 188}
{"obj": {"type": "LogFloats", "path": ["monitoring", "389dd9c9", "cpu"], "values": [{"value": 0.2, "step": null, "ts": 1699017787.1950336}]}, "version": 189}
{"obj": {"type": "LogFloats", "path": ["monitoring", "389dd9c9", "memory"], "values": [{"value": 17.104576110839844, "step": null, "ts": 1699017787.1950336}]}, "version": 190}
{"obj": {"type": "LogFloats", "path": ["monitoring", "389dd9c9", "cpu"], "values": [{"value": 0.2, "step": null, "ts": 1699017797.208569}]}, "version": 191}
{"obj": {"type": "LogFloats", "path": ["monitoring", "389dd9c9", "memory"], "values": [{"value": 17.106613159179688, "step": null, "ts": 1699017797.208569}]}, "version": 192}
{"obj": {"type": "LogFloats", "path": ["monitoring", "389dd9c9", "cpu"], "values": [{"value": 0.2, "step": null, "ts": 1699017807.2175145}]}, "version": 193}
{"obj": {"type": "LogFloats", "path": ["monitoring", "389dd9c9", "memory"], "values": [{"value": 17.105098724365234, "step": null, "ts": 1699017807.2175145}]}, "version": 194}
{"obj": {"type": "LogFloats", "path": ["monitoring", "389dd9c9", "cpu"], "values": [{"value": 0.2, "step": null, "ts": 1699017817.2312336}]}, "version": 195}
{"obj": {"type": "LogFloats", "path": ["monitoring", "389dd9c9", "memory"], "values": [{"value": 17.106487274169922, "step": null, "ts": 1699017817.2312336}]}, "version": 196}
{"obj": {"type": "LogFloats", "path": ["monitoring", "389dd9c9", "cpu"], "values": [{"value": 0.2, "step": null, "ts": 1699017827.2400336}]}, "version": 197}
{"obj": {"type": "LogFloats", "path": ["monitoring", "389dd9c9", "memory"], "values": [{"value": 17.104961395263672, "step": null, "ts": 1699017827.2400336}]}, "version": 198}
{"obj": {"type": "LogFloats", "path": ["monitoring", "389dd9c9", "cpu"], "values": [{"value": 0.2, "step": null, "ts": 1699017837.2541597}]}, "version": 199}
{"obj": {"type": "LogFloats", "path": ["monitoring", "389dd9c9", "memory"], "values": [{"value": 17.105018615722656, "step": null, "ts": 1699017837.2541597}]}, "version": 200}
{"obj": {"type": "LogFloats", "path": ["monitoring", "389dd9c9", "cpu"], "values": [{"value": 0.2, "step": null, "ts": 1699017847.2631657}]}, "version": 201}
{"obj": {"type": "LogFloats", "path": ["monitoring", "389dd9c9", "memory"], "values": [{"value": 17.10605239868164, "step": null, "ts": 1699017847.2631657}]}, "version": 202}
{"obj": {"type": "LogFloats", "path": ["monitoring", "389dd9c9", "cpu"], "values": [{"value": 0.2, "step": null, "ts": 1699017857.276907}]}, "version": 203}
{"obj": {"type": "LogFloats", "path": ["monitoring", "389dd9c9", "memory"], "values": [{"value": 17.10430908203125, "step": null, "ts": 1699017857.276907}]}, "version": 204}
{"obj": {"type": "LogFloats", "path": ["monitoring", "389dd9c9", "cpu"], "values": [{"value": 0.2, "step": null, "ts": 1699017867.285726}]}, "version": 205}
{"obj": {"type": "LogFloats", "path": ["monitoring", "389dd9c9", "memory"], "values": [{"value": 17.103946685791016, "step": null, "ts": 1699017867.285726}]}, "version": 206}
{"obj": {"type": "LogFloats", "path": ["monitoring", "389dd9c9", "cpu"], "values": [{"value": 0.2, "step": null, "ts": 1699017877.2996423}]}, "version": 207}
{"obj": {"type": "LogFloats", "path": ["monitoring", "389dd9c9", "memory"], "values": [{"value": 17.107036590576172, "step": null, "ts": 1699017877.2996423}]}, "version": 208}
{"obj": {"type": "LogFloats", "path": ["monitoring", "389dd9c9", "cpu"], "values": [{"value": 0.2, "step": null, "ts": 1699017887.3085403}]}, "version": 209}
{"obj": {"type": "LogFloats", "path": ["monitoring", "389dd9c9", "memory"], "values": [{"value": 17.107044219970703, "step": null, "ts": 1699017887.3085403}]}, "version": 210}
{"obj": {"type": "LogFloats", "path": ["monitoring", "389dd9c9", "cpu"], "values": [{"value": 0.2, "step": null, "ts": 1699017897.322218}]}, "version": 211}
{"obj": {"type": "LogFloats", "path": ["monitoring", "389dd9c9", "memory"], "values": [{"value": 17.107101440429688, "step": null, "ts": 1699017897.322218}]}, "version": 212}
{"obj": {"type": "LogFloats", "path": ["monitoring", "389dd9c9", "cpu"], "values": [{"value": 0.2, "step": null, "ts": 1699017907.3302157}]}, "version": 213}
{"obj": {"type": "LogFloats", "path": ["monitoring", "389dd9c9", "memory"], "values": [{"value": 17.106094360351562, "step": null, "ts": 1699017907.3302157}]}, "version": 214}
{"obj": {"type": "LogFloats", "path": ["monitoring", "389dd9c9", "cpu"], "values": [{"value": 0.1, "step": null, "ts": 1699017917.344162}]}, "version": 215}
{"obj": {"type": "LogFloats", "path": ["monitoring", "389dd9c9", "memory"], "values": [{"value": 17.10694122314453, "step": null, "ts": 1699017917.344162}]}, "version": 216}
{"obj": {"type": "LogFloats", "path": ["monitoring", "389dd9c9", "cpu"], "values": [{"value": 0.3, "step": null, "ts": 1699017927.353109}]}, "version": 217}
{"obj": {"type": "LogFloats", "path": ["monitoring", "389dd9c9", "memory"], "values": [{"value": 17.11224365234375, "step": null, "ts": 1699017927.353109}]}, "version": 218}
{"obj": {"type": "LogFloats", "path": ["monitoring", "389dd9c9", "cpu"], "values": [{"value": 0.2, "step": null, "ts": 1699017937.3666728}]}, "version": 219}
{"obj": {"type": "LogFloats", "path": ["monitoring", "389dd9c9", "memory"], "values": [{"value": 17.112422943115234, "step": null, "ts": 1699017937.3666728}]}, "version": 220}
{"obj": {"type": "LogFloats", "path": ["monitoring", "389dd9c9", "cpu"], "values": [{"value": 0.2, "step": null, "ts": 1699017947.3752136}]}, "version": 221}
{"obj": {"type": "LogFloats", "path": ["monitoring", "389dd9c9", "memory"], "values": [{"value": 17.111682891845703, "step": null, "ts": 1699017947.3752136}]}, "version": 222}
{"obj": {"type": "LogFloats", "path": ["monitoring", "389dd9c9", "cpu"], "values": [{"value": 0.1, "step": null, "ts": 1699017957.3884294}]}, "version": 223}
{"obj": {"type": "LogFloats", "path": ["monitoring", "389dd9c9", "memory"], "values": [{"value": 17.113849639892578, "step": null, "ts": 1699017957.3884294}]}, "version": 224}
{"obj": {"type": "LogFloats", "path": ["monitoring", "389dd9c9", "cpu"], "values": [{"value": 0.2, "step": null, "ts": 1699017967.3969753}]}, "version": 225}
{"obj": {"type": "LogFloats", "path": ["monitoring", "389dd9c9", "memory"], "values": [{"value": 17.115985870361328, "step": null, "ts": 1699017967.3969753}]}, "version": 226}
{"obj": {"type": "LogFloats", "path": ["monitoring", "389dd9c9", "cpu"], "values": [{"value": 0.2, "step": null, "ts": 1699017977.4045677}]}, "version": 227}
{"obj": {"type": "LogFloats", "path": ["monitoring", "389dd9c9", "memory"], "values": [{"value": 17.114192962646484, "step": null, "ts": 1699017977.4045677}]}, "version": 228}
{"obj": {"type": "LogFloats", "path": ["monitoring", "389dd9c9", "cpu"], "values": [{"value": 0.1, "step": null, "ts": 1699017987.411299}]}, "version": 229}
{"obj": {"type": "LogFloats", "path": ["monitoring", "389dd9c9", "memory"], "values": [{"value": 17.110248565673828, "step": null, "ts": 1699017987.411299}]}, "version": 230}
{"obj": {"type": "LogFloats", "path": ["monitoring", "389dd9c9", "cpu"], "values": [{"value": 0.2, "step": null, "ts": 1699017997.4184592}]}, "version": 231}
{"obj": {"type": "LogFloats", "path": ["monitoring", "389dd9c9", "memory"], "values": [{"value": 17.110492706298828, "step": null, "ts": 1699017997.4184592}]}, "version": 232}
{"obj": {"type": "LogFloats", "path": ["monitoring", "389dd9c9", "cpu"], "values": [{"value": 0.4, "step": null, "ts": 1699018007.4274297}]}, "version": 233}
{"obj": {"type": "LogFloats", "path": ["monitoring", "389dd9c9", "memory"], "values": [{"value": 17.117015838623047, "step": null, "ts": 1699018007.4274297}]}, "version": 234}
{"obj": {"type": "LogFloats", "path": ["monitoring", "389dd9c9", "cpu"], "values": [{"value": 0.2, "step": null, "ts": 1699018017.4350374}]}, "version": 235}
{"obj": {"type": "LogFloats", "path": ["monitoring", "389dd9c9", "memory"], "values": [{"value": 17.11452865600586, "step": null, "ts": 1699018017.4350374}]}, "version": 236}
{"obj": {"type": "LogFloats", "path": ["monitoring", "389dd9c9", "cpu"], "values": [{"value": 0.2, "step": null, "ts": 1699018027.4427357}]}, "version": 237}
{"obj": {"type": "LogFloats", "path": ["monitoring", "389dd9c9", "memory"], "values": [{"value": 17.115093231201172, "step": null, "ts": 1699018027.4427357}]}, "version": 238}
{"obj": {"type": "LogFloats", "path": ["monitoring", "389dd9c9", "cpu"], "values": [{"value": 0.2, "step": null, "ts": 1699018037.450029}]}, "version": 239}
{"obj": {"type": "LogFloats", "path": ["monitoring", "389dd9c9", "memory"], "values": [{"value": 17.113365173339844, "step": null, "ts": 1699018037.450029}]}, "version": 240}
{"obj": {"type": "LogFloats", "path": ["monitoring", "389dd9c9", "cpu"], "values": [{"value": 0.1, "step": null, "ts": 1699018047.4576924}]}, "version": 241}
{"obj": {"type": "LogFloats", "path": ["monitoring", "389dd9c9", "memory"], "values": [{"value": 17.111366271972656, "step": null, "ts": 1699018047.4576924}]}, "version": 242}
{"obj": {"type": "LogFloats", "path": ["monitoring", "389dd9c9", "cpu"], "values": [{"value": 0.2, "step": null, "ts": 1699018057.464726}]}, "version": 243}
{"obj": {"type": "LogFloats", "path": ["monitoring", "389dd9c9", "memory"], "values": [{"value": 17.113304138183594, "step": null, "ts": 1699018057.464726}]}, "version": 244}
{"obj": {"type": "LogFloats", "path": ["monitoring", "389dd9c9", "cpu"], "values": [{"value": 0.2, "step": null, "ts": 1699018067.4716527}]}, "version": 245}
{"obj": {"type": "LogFloats", "path": ["monitoring", "389dd9c9", "memory"], "values": [{"value": 17.11231231689453, "step": null, "ts": 1699018067.4716527}]}, "version": 246}
{"obj": {"type": "LogFloats", "path": ["monitoring", "389dd9c9", "cpu"], "values": [{"value": 0.3, "step": null, "ts": 1699018077.4857507}]}, "version": 247}
{"obj": {"type": "LogFloats", "path": ["monitoring", "389dd9c9", "memory"], "values": [{"value": 17.128948211669922, "step": null, "ts": 1699018077.4857507}]}, "version": 248}
{"obj": {"type": "LogFloats", "path": ["monitoring", "389dd9c9", "cpu"], "values": [{"value": 0.2, "step": null, "ts": 1699018087.494378}]}, "version": 249}
{"obj": {"type": "LogFloats", "path": ["monitoring", "389dd9c9", "memory"], "values": [{"value": 17.126922607421875, "step": null, "ts": 1699018087.494378}]}, "version": 250}
{"obj": {"type": "LogFloats", "path": ["monitoring", "389dd9c9", "cpu"], "values": [{"value": 0.1, "step": null, "ts": 1699018097.5088685}]}, "version": 251}
{"obj": {"type": "LogFloats", "path": ["monitoring", "389dd9c9", "memory"], "values": [{"value": 17.126964569091797, "step": null, "ts": 1699018097.5088685}]}, "version": 252}
{"obj": {"type": "LogFloats", "path": ["monitoring", "389dd9c9", "cpu"], "values": [{"value": 0.2, "step": null, "ts": 1699018107.5181112}]}, "version": 253}
{"obj": {"type": "LogFloats", "path": ["monitoring", "389dd9c9", "memory"], "values": [{"value": 17.127853393554688, "step": null, "ts": 1699018107.5181112}]}, "version": 254}
{"obj": {"type": "LogFloats", "path": ["monitoring", "389dd9c9", "cpu"], "values": [{"value": 0.2, "step": null, "ts": 1699018117.5286887}]}, "version": 255}
{"obj": {"type": "LogFloats", "path": ["monitoring", "389dd9c9", "memory"], "values": [{"value": 17.128337860107422, "step": null, "ts": 1699018117.5286887}]}, "version": 256}
{"obj": {"type": "LogFloats", "path": ["monitoring", "389dd9c9", "cpu"], "values": [{"value": 0.2, "step": null, "ts": 1699018127.5375373}]}, "version": 257}
{"obj": {"type": "LogFloats", "path": ["monitoring", "389dd9c9", "memory"], "values": [{"value": 17.13037109375, "step": null, "ts": 1699018127.5375373}]}, "version": 258}
{"obj": {"type": "LogFloats", "path": ["monitoring", "389dd9c9", "cpu"], "values": [{"value": 0.7, "step": null, "ts": 1699018137.5511694}]}, "version": 259}
{"obj": {"type": "LogFloats", "path": ["monitoring", "389dd9c9", "memory"], "values": [{"value": 17.123741149902344, "step": null, "ts": 1699018137.5511694}]}, "version": 260}
{"obj": {"type": "LogFloats", "path": ["monitoring", "389dd9c9", "cpu"], "values": [{"value": 0.2, "step": null, "ts": 1699018147.5603702}]}, "version": 261}
{"obj": {"type": "LogFloats", "path": ["monitoring", "389dd9c9", "memory"], "values": [{"value": 17.121166229248047, "step": null, "ts": 1699018147.5603702}]}, "version": 262}
{"obj": {"type": "LogFloats", "path": ["monitoring", "389dd9c9", "cpu"], "values": [{"value": 0.2, "step": null, "ts": 1699018157.5744247}]}, "version": 263}
{"obj": {"type": "LogFloats", "path": ["monitoring", "389dd9c9", "memory"], "values": [{"value": 17.123348236083984, "step": null, "ts": 1699018157.5744247}]}, "version": 264}
{"obj": {"type": "LogFloats", "path": ["monitoring", "389dd9c9", "cpu"], "values": [{"value": 0.4, "step": null, "ts": 1699018167.5841026}]}, "version": 265}
{"obj": {"type": "LogFloats", "path": ["monitoring", "389dd9c9", "memory"], "values": [{"value": 17.173206329345703, "step": null, "ts": 1699018167.5841026}]}, "version": 266}
{"obj": {"type": "LogFloats", "path": ["monitoring", "389dd9c9", "cpu"], "values": [{"value": 1.4, "step": null, "ts": 1699018177.5977602}]}, "version": 267}
{"obj": {"type": "LogFloats", "path": ["monitoring", "389dd9c9", "memory"], "values": [{"value": 17.188472747802734, "step": null, "ts": 1699018177.5977602}]}, "version": 268}
{"obj": {"type": "LogFloats", "path": ["monitoring", "389dd9c9", "cpu"], "values": [{"value": 1.1, "step": null, "ts": 1699018187.6066394}]}, "version": 269}
{"obj": {"type": "LogFloats", "path": ["monitoring", "389dd9c9", "memory"], "values": [{"value": 17.216739654541016, "step": null, "ts": 1699018187.6066394}]}, "version": 270}
{"obj": {"type": "LogFloats", "path": ["monitoring", "389dd9c9", "cpu"], "values": [{"value": 2.3, "step": null, "ts": 1699018197.6207547}]}, "version": 271}
{"obj": {"type": "LogFloats", "path": ["monitoring", "389dd9c9", "memory"], "values": [{"value": 17.314502716064453, "step": null, "ts": 1699018197.6207547}]}, "version": 272}
{"obj": {"type": "LogFloats", "path": ["monitoring", "389dd9c9", "cpu"], "values": [{"value": 1.6, "step": null, "ts": 1699018207.6297336}]}, "version": 273}
{"obj": {"type": "LogFloats", "path": ["monitoring", "389dd9c9", "memory"], "values": [{"value": 17.420028686523438, "step": null, "ts": 1699018207.6297336}]}, "version": 274}
{"obj": {"type": "LogFloats", "path": ["monitoring", "389dd9c9", "cpu"], "values": [{"value": 0.8, "step": null, "ts": 1699018217.6442432}]}, "version": 275}
{"obj": {"type": "LogFloats", "path": ["monitoring", "389dd9c9", "memory"], "values": [{"value": 17.490863800048828, "step": null, "ts": 1699018217.6442432}]}, "version": 276}
{"obj": {"type": "LogFloats", "path": ["monitoring", "389dd9c9", "cpu"], "values": [{"value": 0.2, "step": null, "ts": 1699018227.6528738}]}, "version": 277}
{"obj": {"type": "LogFloats", "path": ["monitoring", "389dd9c9", "memory"], "values": [{"value": 17.504047393798828, "step": null, "ts": 1699018227.6528738}]}, "version": 278}
{"obj": {"type": "LogFloats", "path": ["monitoring", "389dd9c9", "cpu"], "values": [{"value": 0.1, "step": null, "ts": 1699018237.6669686}]}, "version": 279}
{"obj": {"type": "LogFloats", "path": ["monitoring", "389dd9c9", "memory"], "values": [{"value": 17.502586364746094, "step": null, "ts": 1699018237.6669686}]}, "version": 280}
{"obj": {"type": "LogFloats", "path": ["monitoring", "389dd9c9", "cpu"], "values": [{"value": 0.2, "step": null, "ts": 1699018247.6768792}]}, "version": 281}
{"obj": {"type": "LogFloats", "path": ["monitoring", "389dd9c9", "memory"], "values": [{"value": 17.503250122070312, "step": null, "ts": 1699018247.6768792}]}, "version": 282}
{"obj": {"type": "LogFloats", "path": ["monitoring", "389dd9c9", "cpu"], "values": [{"value": 0.1, "step": null, "ts": 1699018257.6908128}]}, "version": 283}
{"obj": {"type": "LogFloats", "path": ["monitoring", "389dd9c9", "memory"], "values": [{"value": 17.476112365722656, "step": null, "ts": 1699018257.6908128}]}, "version": 284}
{"obj": {"type": "LogFloats", "path": ["monitoring", "389dd9c9", "cpu"], "values": [{"value": 0.8, "step": null, "ts": 1699018267.6999009}]}, "version": 285}
{"obj": {"type": "LogFloats", "path": ["monitoring", "389dd9c9", "memory"], "values": [{"value": 17.412757873535156, "step": null, "ts": 1699018267.6999009}]}, "version": 286}
{"obj": {"type": "LogFloats", "path": ["monitoring", "389dd9c9", "cpu"], "values": [{"value": 0.6, "step": null, "ts": 1699018277.7145784}]}, "version": 287}
{"obj": {"type": "LogFloats", "path": ["monitoring", "389dd9c9", "memory"], "values": [{"value": 17.150177001953125, "step": null, "ts": 1699018277.7145784}]}, "version": 288}
{"obj": {"type": "LogFloats", "path": ["monitoring", "389dd9c9", "cpu"], "values": [{"value": 0.4, "step": null, "ts": 1699018287.7245066}]}, "version": 289}
{"obj": {"type": "LogFloats", "path": ["monitoring", "389dd9c9", "memory"], "values": [{"value": 17.140987396240234, "step": null, "ts": 1699018287.7245066}]}, "version": 290}
{"obj": {"type": "LogFloats", "path": ["monitoring", "389dd9c9", "cpu"], "values": [{"value": 0.3, "step": null, "ts": 1699018297.738192}]}, "version": 291}
{"obj": {"type": "LogFloats", "path": ["monitoring", "389dd9c9", "memory"], "values": [{"value": 17.1392822265625, "step": null, "ts": 1699018297.738192}]}, "version": 292}
{"obj": {"type": "LogFloats", "path": ["monitoring", "389dd9c9", "cpu"], "values": [{"value": 0.2, "step": null, "ts": 1699018307.7480881}]}, "version": 293}
{"obj": {"type": "LogFloats", "path": ["monitoring", "389dd9c9", "memory"], "values": [{"value": 17.14154052734375, "step": null, "ts": 1699018307.7480881}]}, "version": 294}
{"obj": {"type": "LogFloats", "path": ["monitoring", "389dd9c9", "cpu"], "values": [{"value": 0.2, "step": null, "ts": 1699018317.7576494}]}, "version": 295}
{"obj": {"type": "LogFloats", "path": ["monitoring", "389dd9c9", "memory"], "values": [{"value": 17.140399932861328, "step": null, "ts": 1699018317.7576494}]}, "version": 296}
{"obj": {"type": "LogFloats", "path": ["monitoring", "389dd9c9", "cpu"], "values": [{"value": 0.1, "step": null, "ts": 1699018327.767971}]}, "version": 297}
{"obj": {"type": "LogFloats", "path": ["monitoring", "389dd9c9", "memory"], "values": [{"value": 17.13813018798828, "step": null, "ts": 1699018327.767971}]}, "version": 298}
{"obj": {"type": "LogFloats", "path": ["monitoring", "389dd9c9", "cpu"], "values": [{"value": 0.2, "step": null, "ts": 1699018337.783571}]}, "version": 299}
{"obj": {"type": "LogFloats", "path": ["monitoring", "389dd9c9", "memory"], "values": [{"value": 17.13599395751953, "step": null, "ts": 1699018337.783571}]}, "version": 300}
{"obj": {"type": "LogFloats", "path": ["monitoring", "389dd9c9", "cpu"], "values": [{"value": 0.1, "step": null, "ts": 1699018347.7936494}]}, "version": 301}
{"obj": {"type": "LogFloats", "path": ["monitoring", "389dd9c9", "memory"], "values": [{"value": 17.136310577392578, "step": null, "ts": 1699018347.7936494}]}, "version": 302}
{"obj": {"type": "LogFloats", "path": ["monitoring", "389dd9c9", "cpu"], "values": [{"value": 0.2, "step": null, "ts": 1699018357.808961}]}, "version": 303}
{"obj": {"type": "LogFloats", "path": ["monitoring", "389dd9c9", "memory"], "values": [{"value": 17.1361083984375, "step": null, "ts": 1699018357.808961}]}, "version": 304}
{"obj": {"type": "LogFloats", "path": ["monitoring", "389dd9c9", "cpu"], "values": [{"value": 0.2, "step": null, "ts": 1699018367.8173785}]}, "version": 305}
{"obj": {"type": "LogFloats", "path": ["monitoring", "389dd9c9", "memory"], "values": [{"value": 17.13759994506836, "step": null, "ts": 1699018367.8173785}]}, "version": 306}
{"obj": {"type": "LogFloats", "path": ["monitoring", "389dd9c9", "cpu"], "values": [{"value": 0.2, "step": null, "ts": 1699018377.8261595}]}, "version": 307}
{"obj": {"type": "LogFloats", "path": ["monitoring", "389dd9c9", "memory"], "values": [{"value": 17.139198303222656, "step": null, "ts": 1699018377.8261595}]}, "version": 308}
{"obj": {"type": "LogFloats", "path": ["monitoring", "389dd9c9", "cpu"], "values": [{"value": 0.1, "step": null, "ts": 1699018387.8355904}]}, "version": 309}
{"obj": {"type": "LogFloats", "path": ["monitoring", "389dd9c9", "memory"], "values": [{"value": 17.13732147216797, "step": null, "ts": 1699018387.8355904}]}, "version": 310}
{"obj": {"type": "LogFloats", "path": ["monitoring", "389dd9c9", "cpu"], "values": [{"value": 0.2, "step": null, "ts": 1699018397.8506665}]}, "version": 311}
{"obj": {"type": "LogFloats", "path": ["monitoring", "389dd9c9", "memory"], "values": [{"value": 17.13943862915039, "step": null, "ts": 1699018397.8506665}]}, "version": 312}
{"obj": {"type": "LogFloats", "path": ["monitoring", "389dd9c9", "cpu"], "values": [{"value": 0.2, "step": null, "ts": 1699018407.8602479}]}, "version": 313}
{"obj": {"type": "LogFloats", "path": ["monitoring", "389dd9c9", "memory"], "values": [{"value": 17.13894271850586, "step": null, "ts": 1699018407.8602479}]}, "version": 314}
{"obj": {"type": "LogFloats", "path": ["monitoring", "389dd9c9", "cpu"], "values": [{"value": 0.2, "step": null, "ts": 1699018417.8756886}]}, "version": 315}
{"obj": {"type": "LogFloats", "path": ["monitoring", "389dd9c9", "memory"], "values": [{"value": 17.14090347290039, "step": null, "ts": 1699018417.8756886}]}, "version": 316}
{"obj": {"type": "LogFloats", "path": ["monitoring", "389dd9c9", "cpu"], "values": [{"value": 0.2, "step": null, "ts": 1699018427.8860703}]}, "version": 317}
{"obj": {"type": "LogFloats", "path": ["monitoring", "389dd9c9", "memory"], "values": [{"value": 17.14181137084961, "step": null, "ts": 1699018427.8860703}]}, "version": 318}
{"obj": {"type": "LogFloats", "path": ["monitoring", "389dd9c9", "cpu"], "values": [{"value": 0.2, "step": null, "ts": 1699018437.9007215}]}, "version": 319}
{"obj": {"type": "LogFloats", "path": ["monitoring", "389dd9c9", "memory"], "values": [{"value": 17.140689849853516, "step": null, "ts": 1699018437.9007215}]}, "version": 320}
{"obj": {"type": "LogFloats", "path": ["monitoring", "389dd9c9", "cpu"], "values": [{"value": 0.2, "step": null, "ts": 1699018447.9105575}]}, "version": 321}
{"obj": {"type": "LogFloats", "path": ["monitoring", "389dd9c9", "memory"], "values": [{"value": 17.140499114990234, "step": null, "ts": 1699018447.9105575}]}, "version": 322}
{"obj": {"type": "LogFloats", "path": ["monitoring", "389dd9c9", "cpu"], "values": [{"value": 0.1, "step": null, "ts": 1699018457.9255111}]}, "version": 323}
{"obj": {"type": "LogFloats", "path": ["monitoring", "389dd9c9", "memory"], "values": [{"value": 17.142230987548828, "step": null, "ts": 1699018457.9255111}]}, "version": 324}
{"obj": {"type": "LogFloats", "path": ["monitoring", "389dd9c9", "cpu"], "values": [{"value": 0.2, "step": null, "ts": 1699018467.9353378}]}, "version": 325}
{"obj": {"type": "LogFloats", "path": ["monitoring", "389dd9c9", "memory"], "values": [{"value": 17.142314910888672, "step": null, "ts": 1699018467.9353378}]}, "version": 326}
{"obj": {"type": "LogFloats", "path": ["monitoring", "389dd9c9", "cpu"], "values": [{"value": 0.2, "step": null, "ts": 1699018477.9492188}]}, "version": 327}
{"obj": {"type": "LogFloats", "path": ["monitoring", "389dd9c9", "memory"], "values": [{"value": 17.14093780517578, "step": null, "ts": 1699018477.9492188}]}, "version": 328}
{"obj": {"type": "LogFloats", "path": ["monitoring", "389dd9c9", "cpu"], "values": [{"value": 0.3, "step": null, "ts": 1699018487.959056}]}, "version": 329}
{"obj": {"type": "LogFloats", "path": ["monitoring", "389dd9c9", "memory"], "values": [{"value": 17.14282989501953, "step": null, "ts": 1699018487.959056}]}, "version": 330}
{"obj": {"type": "LogFloats", "path": ["monitoring", "389dd9c9", "cpu"], "values": [{"value": 0.3, "step": null, "ts": 1699018497.97524}]}, "version": 331}
{"obj": {"type": "LogFloats", "path": ["monitoring", "389dd9c9", "memory"], "values": [{"value": 17.15188217163086, "step": null, "ts": 1699018497.97524}]}, "version": 332}
{"obj": {"type": "LogFloats", "path": ["monitoring", "389dd9c9", "cpu"], "values": [{"value": 0.2, "step": null, "ts": 1699018507.9864006}]}, "version": 333}
{"obj": {"type": "LogFloats", "path": ["monitoring", "389dd9c9", "memory"], "values": [{"value": 17.153411865234375, "step": null, "ts": 1699018507.9864006}]}, "version": 334}
{"obj": {"type": "LogFloats", "path": ["monitoring", "389dd9c9", "cpu"], "values": [{"value": 0.2, "step": null, "ts": 1699018517.9945173}]}, "version": 335}
{"obj": {"type": "LogFloats", "path": ["monitoring", "389dd9c9", "memory"], "values": [{"value": 17.15167236328125, "step": null, "ts": 1699018517.9945173}]}, "version": 336}
{"obj": {"type": "LogFloats", "path": ["monitoring", "389dd9c9", "cpu"], "values": [{"value": 0.1, "step": null, "ts": 1699018528.005722}]}, "version": 337}
{"obj": {"type": "LogFloats", "path": ["monitoring", "389dd9c9", "memory"], "values": [{"value": 17.1529541015625, "step": null, "ts": 1699018528.005722}]}, "version": 338}
{"obj": {"type": "LogFloats", "path": ["monitoring", "389dd9c9", "cpu"], "values": [{"value": 0.2, "step": null, "ts": 1699018538.0214093}]}, "version": 339}
{"obj": {"type": "LogFloats", "path": ["monitoring", "389dd9c9", "memory"], "values": [{"value": 17.1519775390625, "step": null, "ts": 1699018538.0214093}]}, "version": 340}
{"obj": {"type": "LogFloats", "path": ["monitoring", "389dd9c9", "cpu"], "values": [{"value": 0.2, "step": null, "ts": 1699018548.0319533}]}, "version": 341}
{"obj": {"type": "LogFloats", "path": ["monitoring", "389dd9c9", "memory"], "values": [{"value": 17.153873443603516, "step": null, "ts": 1699018548.0319533}]}, "version": 342}
{"obj": {"type": "LogFloats", "path": ["monitoring", "389dd9c9", "cpu"], "values": [{"value": 1.2, "step": null, "ts": 1699018558.0477078}]}, "version": 343}
{"obj": {"type": "LogFloats", "path": ["monitoring", "389dd9c9", "memory"], "values": [{"value": 17.205615997314453, "step": null, "ts": 1699018558.0477078}]}, "version": 344}
{"obj": {"type": "LogFloats", "path": ["monitoring", "389dd9c9", "cpu"], "values": [{"value": 1.9, "step": null, "ts": 1699018568.058478}]}, "version": 345}
{"obj": {"type": "LogFloats", "path": ["monitoring", "389dd9c9", "memory"], "values": [{"value": 17.295249938964844, "step": null, "ts": 1699018568.058478}]}, "version": 346}
