{"obj": {"type": "AssignString", "path": ["sys", "name"], "value": "Untitled"}, "version": 1}
{"obj": {"type": "AssignString", "path": ["sys", "description"], "value": ""}, "version": 2}
{"obj": {"type": "AssignString", "path": ["monitoring", "019d61e8", "hostname"], "value": "login-hpc"}, "version": 3}
{"obj": {"type": "AssignString", "path": ["sys", "hostname"], "value": "login-hpc"}, "version": 4}
{"obj": {"type": "AssignString", "path": ["monitoring", "019d61e8", "pid"], "value": "42136"}, "version": 5}
{"obj": {"type": "AssignString", "path": ["monitoring", "019d61e8", "tid"], "value": "46912496365312"}, "version": 6}
{"obj": {"type": "AssignBool", "path": ["sys", "failed"], "value": false}, "version": 7}
{"obj": {"type": "ClearStringLog", "path": ["monitoring", "019d61e8", "stdout"]}, "version": 8}
{"obj": {"type": "ClearStringLog", "path": ["monitoring", "019d61e8", "stderr"]}, "version": 9}
{"obj": {"type": "AssignString", "path": ["source_code", "entrypoint"], "value": "workflow_hp.py"}, "version": 10}
{"obj": {"type": "UploadFileSet", "path": ["source_code", "files"], "file_globs": ["/home/acollin/dca_permuted_workflow/workflow/workflow_hp.py"], "reset": "False"}, "version": 11}
{"obj": {"type": "UploadFile", "path": ["source_code", "diff"], "ext": "patch", "file_path": null, "tmp_file_name": "source_code_diff-1699020129.503443-2023-11-03_15.02.09.503443.patch", "clean_after_upload": false}, "version": 12}
{"obj": {"type": "LogStrings", "path": ["monitoring", "019d61e8", "stderr"], "values": [{"value": "Info (NVML): NVML Shared Library Not Found. GPU usage metrics may not be reported. For more information, see https://docs.neptune.ai/help/nvml_error/\n", "step": null, "ts": 1699020129.5644379}]}, "version": 13}
{"obj": {"type": "ConfigFloatSeries", "path": ["monitoring", "019d61e8", "cpu"], "min": 0.0, "max": 100.0, "unit": "%"}, "version": 14}
{"obj": {"type": "ClearFloatLog", "path": ["monitoring", "019d61e8", "cpu"]}, "version": 15}
{"obj": {"type": "ConfigFloatSeries", "path": ["monitoring", "019d61e8", "memory"], "min": 0.0, "max": 125.35282516479492, "unit": "GB"}, "version": 16}
{"obj": {"type": "ClearFloatLog", "path": ["monitoring", "019d61e8", "memory"]}, "version": 17}
{"obj": {"type": "AssignString", "path": ["parameters", "dataset_name"], "value": "htap_final_by_batch"}, "version": 18}
{"obj": {"type": "AssignString", "path": ["parameters", "class_key"], "value": "celltype"}, "version": 19}
{"obj": {"type": "AssignString", "path": ["parameters", "batch_key"], "value": "donor"}, "version": 20}
{"obj": {"type": "LogFloats", "path": ["monitoring", "019d61e8", "memory"], "values": [{"value": 17.245311737060547, "step": null, "ts": 1699020129.5799127}]}, "version": 21}
{"obj": {"type": "AssignBool", "path": ["parameters", "filter_min_counts"], "value": true}, "version": 22}
{"obj": {"type": "AssignBool", "path": ["parameters", "normalize_size_factors"], "value": true}, "version": 23}
{"obj": {"type": "AssignBool", "path": ["parameters", "scale_input"], "value": false}, "version": 24}
{"obj": {"type": "AssignBool", "path": ["parameters", "logtrans_input"], "value": true}, "version": 25}
{"obj": {"type": "AssignInt", "path": ["parameters", "use_hvg"], "value": 5000}, "version": 26}
{"obj": {"type": "AssignInt", "path": ["parameters", "batch_size"], "value": 128}, "version": 27}
{"obj": {"type": "AssignString", "path": ["parameters", "mode"], "value": "entire_condition"}, "version": 28}
{"obj": {"type": "AssignFloat", "path": ["parameters", "pct_split"], "value": 0.9}, "version": 29}
{"obj": {"type": "AssignString", "path": ["parameters", "obs_key"], "value": "donor"}, "version": 30}
{"obj": {"type": "AssignString", "path": ["parameters", "n_keep"], "value": "None"}, "version": 31}
{"obj": {"type": "AssignString", "path": ["parameters", "split_strategy"], "value": "None"}, "version": 32}
{"obj": {"type": "AssignString", "path": ["parameters", "keep_obs"], "value": "['PAH_688194', 'PAH_691048', 'PAH_693770', 'PAH_698029', 'PRC_16', 'PRC_18', 'PRC_3', 'PRC_8']"}, "version": 33}
{"obj": {"type": "AssignInt", "path": ["parameters", "train_test_random_seed"], "value": 0}, "version": 34}
{"obj": {"type": "AssignString", "path": ["parameters", "obs_subsample"], "value": "None"}, "version": 35}
{"obj": {"type": "AssignBool", "path": ["parameters", "make_fake"], "value": false}, "version": 36}
{"obj": {"type": "AssignString", "path": ["parameters", "true_celltype"], "value": "None"}, "version": 37}
{"obj": {"type": "AssignString", "path": ["parameters", "false_celltype"], "value": "None"}, "version": 38}
{"obj": {"type": "AssignString", "path": ["parameters", "pct_false"], "value": "None"}, "version": 39}
{"obj": {"type": "AssignString", "path": ["parameters", "clas_loss_fn"], "value": "categorical_crossentropy"}, "version": 40}
{"obj": {"type": "AssignString", "path": ["parameters", "dann_loss_fn"], "value": "categorical_crossentropy"}, "version": 41}
{"obj": {"type": "AssignString", "path": ["parameters", "rec_loss_fn"], "value": "MSE"}, "version": 42}
{"obj": {"type": "AssignFloat", "path": ["parameters", "learning_rate"], "value": 0.001}, "version": 43}
{"obj": {"type": "AssignString", "path": ["parameters", "optimizer_type"], "value": "adam"}, "version": 44}
{"obj": {"type": "AssignFloat", "path": ["parameters", "clas_w"], "value": 0.1}, "version": 45}
{"obj": {"type": "AssignFloat", "path": ["parameters", "dann_w"], "value": 0.1}, "version": 46}
{"obj": {"type": "AssignFloat", "path": ["parameters", "rec_w"], "value": 0.8}, "version": 47}
{"obj": {"type": "AssignString", "path": ["parameters", "ae_hidden_size"], "value": "[128, 64, 128]"}, "version": 48}
{"obj": {"type": "AssignString", "path": ["parameters", "ae_hidden_dropout"], "value": "None"}, "version": 49}
{"obj": {"type": "AssignString", "path": ["parameters", "ae_activation"], "value": "relu"}, "version": 50}
{"obj": {"type": "AssignString", "path": ["parameters", "ae_output_activation"], "value": "linear"}, "version": 51}
{"obj": {"type": "AssignString", "path": ["parameters", "ae_init"], "value": "glorot_uniform"}, "version": 52}
{"obj": {"type": "AssignBool", "path": ["parameters", "ae_batchnorm"], "value": true}, "version": 53}
{"obj": {"type": "AssignString", "path": ["parameters", "ae_l1_enc_coef"], "value": "None"}, "version": 54}
{"obj": {"type": "AssignString", "path": ["parameters", "ae_l2_enc_coef"], "value": "None"}, "version": 55}
{"obj": {"type": "AssignString", "path": ["parameters", "class_hidden_size"], "value": "[64]"}, "version": 56}
{"obj": {"type": "AssignString", "path": ["parameters", "class_hidden_dropout"], "value": "None"}, "version": 57}
{"obj": {"type": "AssignBool", "path": ["parameters", "class_batchnorm"], "value": true}, "version": 58}
{"obj": {"type": "AssignString", "path": ["parameters", "class_activation"], "value": "relu"}, "version": 59}
{"obj": {"type": "AssignString", "path": ["parameters", "class_output_activation"], "value": "softmax"}, "version": 60}
{"obj": {"type": "AssignString", "path": ["parameters", "dann_hidden_size"], "value": "[64]"}, "version": 61}
{"obj": {"type": "AssignString", "path": ["parameters", "dann_hidden_dropout"], "value": "None"}, "version": 62}
{"obj": {"type": "AssignBool", "path": ["parameters", "dann_batchnorm"], "value": true}, "version": 63}
{"obj": {"type": "AssignString", "path": ["parameters", "dann_activation"], "value": "relu"}, "version": 64}
{"obj": {"type": "AssignString", "path": ["parameters", "dann_output_activation"], "value": "softmax"}, "version": 65}
{"obj": {"type": "AssignString", "path": ["parameters", "training_scheme"], "value": "training_scheme_1"}, "version": 66}
{"obj": {"type": "AssignBool", "path": ["parameters", "log_neptune"], "value": true}, "version": 67}
{"obj": {"type": "AssignString", "path": ["parameters", "workflow_id"], "value": "default"}, "version": 68}
{"obj": {"type": "LogFloats", "path": ["monitoring", "019d61e8", "cpu"], "values": [{"value": 0.2, "step": null, "ts": 1699020139.5873125}]}, "version": 69}
{"obj": {"type": "LogFloats", "path": ["monitoring", "019d61e8", "memory"], "values": [{"value": 17.250144958496094, "step": null, "ts": 1699020139.5873125}]}, "version": 70}
{"obj": {"type": "LogFloats", "path": ["monitoring", "019d61e8", "cpu"], "values": [{"value": 0.2, "step": null, "ts": 1699020149.5953417}]}, "version": 71}
{"obj": {"type": "LogFloats", "path": ["monitoring", "019d61e8", "memory"], "values": [{"value": 17.250263214111328, "step": null, "ts": 1699020149.5953417}]}, "version": 72}
{"obj": {"type": "LogFloats", "path": ["monitoring", "019d61e8", "cpu"], "values": [{"value": 0.2, "step": null, "ts": 1699020159.604876}]}, "version": 73}
{"obj": {"type": "LogFloats", "path": ["monitoring", "019d61e8", "memory"], "values": [{"value": 17.251129150390625, "step": null, "ts": 1699020159.604876}]}, "version": 74}
{"obj": {"type": "LogFloats", "path": ["monitoring", "019d61e8", "cpu"], "values": [{"value": 0.2, "step": null, "ts": 1699020169.6117547}]}, "version": 75}
{"obj": {"type": "LogFloats", "path": ["monitoring", "019d61e8", "memory"], "values": [{"value": 17.252731323242188, "step": null, "ts": 1699020169.6117547}]}, "version": 76}
{"obj": {"type": "LogFloats", "path": ["monitoring", "019d61e8", "cpu"], "values": [{"value": 0.2, "step": null, "ts": 1699020179.6212125}]}, "version": 77}
{"obj": {"type": "LogFloats", "path": ["monitoring", "019d61e8", "memory"], "values": [{"value": 17.252552032470703, "step": null, "ts": 1699020179.6212125}]}, "version": 78}
{"obj": {"type": "LogFloats", "path": ["monitoring", "019d61e8", "cpu"], "values": [{"value": 0.2, "step": null, "ts": 1699020189.6282804}]}, "version": 79}
{"obj": {"type": "LogFloats", "path": ["monitoring", "019d61e8", "memory"], "values": [{"value": 17.250320434570312, "step": null, "ts": 1699020189.6282804}]}, "version": 80}
{"obj": {"type": "LogFloats", "path": ["monitoring", "019d61e8", "cpu"], "values": [{"value": 0.2, "step": null, "ts": 1699020199.6373324}]}, "version": 81}
{"obj": {"type": "LogFloats", "path": ["monitoring", "019d61e8", "memory"], "values": [{"value": 17.25124740600586, "step": null, "ts": 1699020199.6373324}]}, "version": 82}
{"obj": {"type": "LogFloats", "path": ["monitoring", "019d61e8", "cpu"], "values": [{"value": 0.1, "step": null, "ts": 1699020209.6513987}]}, "version": 83}
{"obj": {"type": "LogFloats", "path": ["monitoring", "019d61e8", "memory"], "values": [{"value": 17.250316619873047, "step": null, "ts": 1699020209.6513987}]}, "version": 84}
{"obj": {"type": "LogStrings", "path": ["monitoring", "019d61e8", "stdout"], "values": [{"value": "Epoch 1/197, Current strat Epoch 1/97", "step": null, "ts": 1699020211.019885}]}, "version": 85}
{"obj": {"type": "LogStrings", "path": ["monitoring", "019d61e8", "stdout"], "values": [{"value": "\n", "step": null, "ts": 1699020211.0223873}]}, "version": 86}
{"obj": {"type": "LogFloats", "path": ["monitoring", "019d61e8", "cpu"], "values": [{"value": 0.3, "step": null, "ts": 1699020219.6603851}]}, "version": 87}
{"obj": {"type": "LogFloats", "path": ["monitoring", "019d61e8", "memory"], "values": [{"value": 17.250423431396484, "step": null, "ts": 1699020219.6603851}]}, "version": 88}
{"obj": {"type": "LogStrings", "path": ["monitoring", "019d61e8", "stdout"], "values": [{"value": "switching perm", "step": null, "ts": 1699020221.2212327}]}, "version": 89}
{"obj": {"type": "LogStrings", "path": ["monitoring", "019d61e8", "stdout"], "values": [{"value": "\n", "step": null, "ts": 1699020221.225216}]}, "version": 90}
{"obj": {"type": "LogStrings", "path": ["monitoring", "019d61e8", "stderr"], "values": [{"value": "/home/acollin/dca_permuted_workflow/workflow/../dca/permutation.py:146: FutureWarning: Series.__getitem__ treating keys as positions is deprecated. In a future version, integer keys will always be treated as labels (consistent with DataFrame behavior). To access a value by position, use `ser.iloc[pos]`\n  sf_in_batch = sf[index_in_batch]\n", "step": null, "ts": 1699020221.408511}]}, "version": 91}
{"obj": {"type": "LogFloats", "path": ["monitoring", "019d61e8", "cpu"], "values": [{"value": 0.2, "step": null, "ts": 1699020229.6704028}]}, "version": 92}
{"obj": {"type": "LogFloats", "path": ["monitoring", "019d61e8", "memory"], "values": [{"value": 17.281322479248047, "step": null, "ts": 1699020229.6704028}]}, "version": 93}
{"obj": {"type": "LogStrings", "path": ["monitoring", "019d61e8", "stderr"], "values": [{"value": "/home/acollin/dca_permuted_workflow/workflow/../dca/permutation.py:146: FutureWarning: Series.__getitem__ treating keys as positions is deprecated. In a future version, integer keys will always be treated as labels (consistent with DataFrame behavior). To access a value by position, use `ser.iloc[pos]`\n  sf_in_batch = sf[index_in_batch]\n", "step": null, "ts": 1699020237.363883}]}, "version": 94}
{"obj": {"type": "LogFloats", "path": ["monitoring", "019d61e8", "cpu"], "values": [{"value": 0.3, "step": null, "ts": 1699020239.6770046}]}, "version": 95}
{"obj": {"type": "LogFloats", "path": ["monitoring", "019d61e8", "memory"], "values": [{"value": 17.291358947753906, "step": null, "ts": 1699020239.6770046}]}, "version": 96}
{"obj": {"type": "LogStrings", "path": ["monitoring", "019d61e8", "stderr"], "values": [{"value": "/home/acollin/dca_permuted_workflow/workflow/../dca/permutation.py:146: FutureWarning: Series.__getitem__ treating keys as positions is deprecated. In a future version, integer keys will always be treated as labels (consistent with DataFrame behavior). To access a value by position, use `ser.iloc[pos]`\n  sf_in_batch = sf[index_in_batch]\n", "step": null, "ts": 1699020248.9874601}]}, "version": 97}
{"obj": {"type": "LogFloats", "path": ["monitoring", "019d61e8", "cpu"], "values": [{"value": 0.1, "step": null, "ts": 1699020249.6847467}]}, "version": 98}
{"obj": {"type": "LogFloats", "path": ["monitoring", "019d61e8", "memory"], "values": [{"value": 17.2890625, "step": null, "ts": 1699020249.6847467}]}, "version": 99}
{"obj": {"type": "LogFloats", "path": ["monitoring", "019d61e8", "cpu"], "values": [{"value": 0.2, "step": null, "ts": 1699020259.6911027}]}, "version": 100}
{"obj": {"type": "LogFloats", "path": ["monitoring", "019d61e8", "memory"], "values": [{"value": 17.289958953857422, "step": null, "ts": 1699020259.6911027}]}, "version": 101}
{"obj": {"type": "LogFloats", "path": ["monitoring", "019d61e8", "cpu"], "values": [{"value": 0.3, "step": null, "ts": 1699020269.7166758}]}, "version": 102}
{"obj": {"type": "LogFloats", "path": ["monitoring", "019d61e8", "memory"], "values": [{"value": 17.294021606445312, "step": null, "ts": 1699020269.7166758}]}, "version": 103}
{"obj": {"type": "LogFloats", "path": ["monitoring", "019d61e8", "cpu"], "values": [{"value": 0.2, "step": null, "ts": 1699020279.7267013}]}, "version": 104}
{"obj": {"type": "LogFloats", "path": ["monitoring", "019d61e8", "memory"], "values": [{"value": 17.291858673095703, "step": null, "ts": 1699020279.7267013}]}, "version": 105}
{"obj": {"type": "LogFloats", "path": ["monitoring", "019d61e8", "cpu"], "values": [{"value": 0.6, "step": null, "ts": 1699020289.7336943}]}, "version": 106}
{"obj": {"type": "LogFloats", "path": ["monitoring", "019d61e8", "memory"], "values": [{"value": 17.29831314086914, "step": null, "ts": 1699020289.7336943}]}, "version": 107}
{"obj": {"type": "LogFloats", "path": ["monitoring", "019d61e8", "cpu"], "values": [{"value": 2.2, "step": null, "ts": 1699020299.742987}]}, "version": 108}
{"obj": {"type": "LogFloats", "path": ["monitoring", "019d61e8", "memory"], "values": [{"value": 17.440567016601562, "step": null, "ts": 1699020299.742987}]}, "version": 109}
{"obj": {"type": "LogFloats", "path": ["monitoring", "019d61e8", "cpu"], "values": [{"value": 0.4, "step": null, "ts": 1699020309.7517064}]}, "version": 110}
{"obj": {"type": "LogFloats", "path": ["monitoring", "019d61e8", "memory"], "values": [{"value": 17.412437438964844, "step": null, "ts": 1699020309.7517064}]}, "version": 111}
{"obj": {"type": "LogStrings", "path": ["monitoring", "019d61e8", "stderr"], "values": [{"value": "/home/acollin/dca_permuted_workflow/workflow/../dca/permutation.py:146: FutureWarning: Series.__getitem__ treating keys as positions is deprecated. In a future version, integer keys will always be treated as labels (consistent with DataFrame behavior). To access a value by position, use `ser.iloc[pos]`\n  sf_in_batch = sf[index_in_batch]\n", "step": null, "ts": 1699020311.0701475}]}, "version": 112}
{"obj": {"type": "LogFloats", "path": ["monitoring", "019d61e8", "cpu"], "values": [{"value": 0.4, "step": null, "ts": 1699020319.7600472}]}, "version": 113}
{"obj": {"type": "LogFloats", "path": ["monitoring", "019d61e8", "memory"], "values": [{"value": 17.423316955566406, "step": null, "ts": 1699020319.7600472}]}, "version": 114}
{"obj": {"type": "LogFloats", "path": ["monitoring", "019d61e8", "cpu"], "values": [{"value": 0.4, "step": null, "ts": 1699020329.7665298}]}, "version": 115}
{"obj": {"type": "LogFloats", "path": ["monitoring", "019d61e8", "memory"], "values": [{"value": 17.426902770996094, "step": null, "ts": 1699020329.7665298}]}, "version": 116}
{"obj": {"type": "LogFloats", "path": ["monitoring", "019d61e8", "cpu"], "values": [{"value": 2.6, "step": null, "ts": 1699020339.7733617}]}, "version": 117}
{"obj": {"type": "LogFloats", "path": ["monitoring", "019d61e8", "memory"], "values": [{"value": 17.488040924072266, "step": null, "ts": 1699020339.7733617}]}, "version": 118}
{"obj": {"type": "LogFloats", "path": ["monitoring", "019d61e8", "cpu"], "values": [{"value": 0.5, "step": null, "ts": 1699020349.781979}]}, "version": 119}
{"obj": {"type": "LogFloats", "path": ["monitoring", "019d61e8", "memory"], "values": [{"value": 17.508792877197266, "step": null, "ts": 1699020349.781979}]}, "version": 120}
{"obj": {"type": "LogFloats", "path": ["monitoring", "019d61e8", "cpu"], "values": [{"value": 0.4, "step": null, "ts": 1699020359.7884185}]}, "version": 121}
{"obj": {"type": "LogFloats", "path": ["monitoring", "019d61e8", "memory"], "values": [{"value": 17.516544342041016, "step": null, "ts": 1699020359.7884185}]}, "version": 122}
{"obj": {"type": "LogFloats", "path": ["monitoring", "019d61e8", "cpu"], "values": [{"value": 0.2, "step": null, "ts": 1699020369.7962425}]}, "version": 123}
{"obj": {"type": "LogFloats", "path": ["monitoring", "019d61e8", "memory"], "values": [{"value": 17.517314910888672, "step": null, "ts": 1699020369.7962425}]}, "version": 124}
