{"obj": {"type": "AssignString", "path": ["sys", "name"], "value": "Untitled"}, "version": 1}
{"obj": {"type": "AssignString", "path": ["sys", "description"], "value": ""}, "version": 2}
{"obj": {"type": "AssignString", "path": ["monitoring", "ef0aeb4c", "hostname"], "value": "login-hpc"}, "version": 3}
{"obj": {"type": "AssignString", "path": ["sys", "hostname"], "value": "login-hpc"}, "version": 4}
{"obj": {"type": "AssignString", "path": ["monitoring", "ef0aeb4c", "pid"], "value": "38900"}, "version": 5}
{"obj": {"type": "AssignString", "path": ["monitoring", "ef0aeb4c", "tid"], "value": "46912496365312"}, "version": 6}
{"obj": {"type": "AssignBool", "path": ["sys", "failed"], "value": false}, "version": 7}
{"obj": {"type": "ClearStringLog", "path": ["monitoring", "ef0aeb4c", "stdout"]}, "version": 8}
{"obj": {"type": "ClearStringLog", "path": ["monitoring", "ef0aeb4c", "stderr"]}, "version": 9}
{"obj": {"type": "AssignString", "path": ["source_code", "entrypoint"], "value": "workflow_hp.py"}, "version": 10}
{"obj": {"type": "UploadFileSet", "path": ["source_code", "files"], "file_globs": ["/home/acollin/dca_permuted_workflow/workflow/workflow_hp.py"], "reset": "False"}, "version": 11}
{"obj": {"type": "UploadFile", "path": ["source_code", "diff"], "ext": "patch", "file_path": null, "tmp_file_name": "source_code_diff-1699019577.720452-2023-11-03_14.52.57.720452.patch", "clean_after_upload": false}, "version": 12}
{"obj": {"type": "LogStrings", "path": ["monitoring", "ef0aeb4c", "stderr"], "values": [{"value": "Info (NVML): NVML Shared Library Not Found. GPU usage metrics may not be reported. For more information, see https://docs.neptune.ai/help/nvml_error/\n", "step": null, "ts": 1699019577.7709389}]}, "version": 13}
{"obj": {"type": "ConfigFloatSeries", "path": ["monitoring", "ef0aeb4c", "cpu"], "min": 0.0, "max": 100.0, "unit": "%"}, "version": 14}
{"obj": {"type": "ClearFloatLog", "path": ["monitoring", "ef0aeb4c", "cpu"]}, "version": 15}
{"obj": {"type": "ConfigFloatSeries", "path": ["monitoring", "ef0aeb4c", "memory"], "min": 0.0, "max": 125.35282516479492, "unit": "GB"}, "version": 16}
{"obj": {"type": "ClearFloatLog", "path": ["monitoring", "ef0aeb4c", "memory"]}, "version": 17}
{"obj": {"type": "AssignString", "path": ["parameters", "dataset_name"], "value": "htap_final_by_batch"}, "version": 18}
{"obj": {"type": "AssignString", "path": ["parameters", "class_key"], "value": "celltype"}, "version": 19}
{"obj": {"type": "LogFloats", "path": ["monitoring", "ef0aeb4c", "cpu"], "values": [{"value": 25.0, "step": null, "ts": 1699019577.8103}]}, "version": 20}
{"obj": {"type": "AssignString", "path": ["parameters", "batch_key"], "value": "donor"}, "version": 21}
{"obj": {"type": "LogFloats", "path": ["monitoring", "ef0aeb4c", "memory"], "values": [{"value": 17.33346939086914, "step": null, "ts": 1699019577.8103}]}, "version": 22}
{"obj": {"type": "AssignBool", "path": ["parameters", "filter_min_counts"], "value": true}, "version": 23}
{"obj": {"type": "AssignBool", "path": ["parameters", "normalize_size_factors"], "value": true}, "version": 24}
{"obj": {"type": "AssignBool", "path": ["parameters", "scale_input"], "value": false}, "version": 25}
{"obj": {"type": "AssignBool", "path": ["parameters", "logtrans_input"], "value": true}, "version": 26}
{"obj": {"type": "AssignInt", "path": ["parameters", "use_hvg"], "value": 5000}, "version": 27}
{"obj": {"type": "AssignInt", "path": ["parameters", "batch_size"], "value": 128}, "version": 28}
{"obj": {"type": "AssignString", "path": ["parameters", "mode"], "value": "entire_condition"}, "version": 29}
{"obj": {"type": "AssignFloat", "path": ["parameters", "pct_split"], "value": 0.9}, "version": 30}
{"obj": {"type": "AssignString", "path": ["parameters", "obs_key"], "value": "donor"}, "version": 31}
{"obj": {"type": "AssignString", "path": ["parameters", "n_keep"], "value": "None"}, "version": 32}
{"obj": {"type": "AssignString", "path": ["parameters", "split_strategy"], "value": "None"}, "version": 33}
{"obj": {"type": "AssignString", "path": ["parameters", "keep_obs"], "value": "['PAH_688194', 'PAH_691048', 'PAH_693770', 'PAH_698029', 'PRC_16', 'PRC_18', 'PRC_3', 'PRC_8']"}, "version": 34}
{"obj": {"type": "AssignInt", "path": ["parameters", "train_test_random_seed"], "value": 0}, "version": 35}
{"obj": {"type": "AssignString", "path": ["parameters", "obs_subsample"], "value": "None"}, "version": 36}
{"obj": {"type": "AssignBool", "path": ["parameters", "make_fake"], "value": false}, "version": 37}
{"obj": {"type": "AssignString", "path": ["parameters", "true_celltype"], "value": "None"}, "version": 38}
{"obj": {"type": "AssignString", "path": ["parameters", "false_celltype"], "value": "None"}, "version": 39}
{"obj": {"type": "AssignString", "path": ["parameters", "pct_false"], "value": "None"}, "version": 40}
{"obj": {"type": "AssignString", "path": ["parameters", "clas_loss_fn"], "value": "categorical_crossentropy"}, "version": 41}
{"obj": {"type": "AssignString", "path": ["parameters", "dann_loss_fn"], "value": "categorical_crossentropy"}, "version": 42}
{"obj": {"type": "AssignString", "path": ["parameters", "rec_loss_fn"], "value": "MSE"}, "version": 43}
{"obj": {"type": "AssignFloat", "path": ["parameters", "learning_rate"], "value": 0.001}, "version": 44}
{"obj": {"type": "AssignString", "path": ["parameters", "optimizer_type"], "value": "adam"}, "version": 45}
{"obj": {"type": "AssignFloat", "path": ["parameters", "clas_w"], "value": 0.1}, "version": 46}
{"obj": {"type": "AssignFloat", "path": ["parameters", "dann_w"], "value": 0.1}, "version": 47}
{"obj": {"type": "AssignFloat", "path": ["parameters", "rec_w"], "value": 0.8}, "version": 48}
{"obj": {"type": "AssignString", "path": ["parameters", "ae_hidden_size"], "value": "[128, 64, 128]"}, "version": 49}
{"obj": {"type": "AssignString", "path": ["parameters", "ae_hidden_dropout"], "value": "None"}, "version": 50}
{"obj": {"type": "AssignString", "path": ["parameters", "ae_activation"], "value": "relu"}, "version": 51}
{"obj": {"type": "AssignString", "path": ["parameters", "ae_output_activation"], "value": "linear"}, "version": 52}
{"obj": {"type": "AssignString", "path": ["parameters", "ae_init"], "value": "glorot_uniform"}, "version": 53}
{"obj": {"type": "AssignBool", "path": ["parameters", "ae_batchnorm"], "value": true}, "version": 54}
{"obj": {"type": "AssignString", "path": ["parameters", "ae_l1_enc_coef"], "value": "None"}, "version": 55}
{"obj": {"type": "AssignString", "path": ["parameters", "ae_l2_enc_coef"], "value": "None"}, "version": 56}
{"obj": {"type": "AssignString", "path": ["parameters", "class_hidden_size"], "value": "[64]"}, "version": 57}
{"obj": {"type": "AssignString", "path": ["parameters", "class_hidden_dropout"], "value": "None"}, "version": 58}
{"obj": {"type": "AssignBool", "path": ["parameters", "class_batchnorm"], "value": true}, "version": 59}
{"obj": {"type": "AssignString", "path": ["parameters", "class_activation"], "value": "relu"}, "version": 60}
{"obj": {"type": "AssignString", "path": ["parameters", "class_output_activation"], "value": "softmax"}, "version": 61}
{"obj": {"type": "AssignString", "path": ["parameters", "dann_hidden_size"], "value": "[64]"}, "version": 62}
{"obj": {"type": "AssignString", "path": ["parameters", "dann_hidden_dropout"], "value": "None"}, "version": 63}
{"obj": {"type": "AssignBool", "path": ["parameters", "dann_batchnorm"], "value": true}, "version": 64}
{"obj": {"type": "AssignString", "path": ["parameters", "dann_activation"], "value": "relu"}, "version": 65}
{"obj": {"type": "AssignString", "path": ["parameters", "dann_output_activation"], "value": "softmax"}, "version": 66}
{"obj": {"type": "AssignString", "path": ["parameters", "training_scheme"], "value": "training_scheme_1"}, "version": 67}
{"obj": {"type": "AssignBool", "path": ["parameters", "log_neptune"], "value": true}, "version": 68}
{"obj": {"type": "AssignString", "path": ["parameters", "workflow_id"], "value": "default"}, "version": 69}
{"obj": {"type": "LogStrings", "path": ["monitoring", "ef0aeb4c", "stderr"], "values": [{"value": "/home/acollin/dca_permuted_workflow/workflow/workflow_hp.py:524: NeptuneUnsupportedType: You're attempting to log a type that is not directly supported by Neptune (<class 'list'>).\n        Convert the value to a supported type, such as a string or float, or use stringify_unsupported(obj)\n        for dictionaries or collections that contain unsupported values.\n        For more, see https://docs.neptune.ai/help/value_of_unsupported_type\n  self.run[f\"training/{group}/{par}\"] = []\n", "step": null, "ts": 1699019585.1228058}]}, "version": 70}
{"obj": {"type": "LogStrings", "path": ["monitoring", "ef0aeb4c", "stdout"], "values": [{"value": "Epoch 1/197, Current strat Epoch 1/97", "step": null, "ts": 1699019585.14264}]}, "version": 71}
{"obj": {"type": "LogStrings", "path": ["monitoring", "ef0aeb4c", "stdout"], "values": [{"value": "\n", "step": null, "ts": 1699019585.1455548}]}, "version": 72}
{"obj": {"type": "LogFloats", "path": ["monitoring", "ef0aeb4c", "cpu"], "values": [{"value": 0.7, "step": null, "ts": 1699019587.8231654}]}, "version": 73}
{"obj": {"type": "LogFloats", "path": ["monitoring", "ef0aeb4c", "memory"], "values": [{"value": 17.337276458740234, "step": null, "ts": 1699019587.8231654}]}, "version": 74}
{"obj": {"type": "LogFloats", "path": ["monitoring", "ef0aeb4c", "cpu"], "values": [{"value": 0.6, "step": null, "ts": 1699019597.8311243}]}, "version": 75}
{"obj": {"type": "LogFloats", "path": ["monitoring", "ef0aeb4c", "memory"], "values": [{"value": 17.335533142089844, "step": null, "ts": 1699019597.8311243}]}, "version": 76}
{"obj": {"type": "LogFloats", "path": ["monitoring", "ef0aeb4c", "cpu"], "values": [{"value": 0.5, "step": null, "ts": 1699019607.838937}]}, "version": 77}
{"obj": {"type": "LogFloats", "path": ["monitoring", "ef0aeb4c", "memory"], "values": [{"value": 17.305213928222656, "step": null, "ts": 1699019607.838937}]}, "version": 78}
{"obj": {"type": "LogFloats", "path": ["monitoring", "ef0aeb4c", "cpu"], "values": [{"value": 0.6, "step": null, "ts": 1699019617.8470178}]}, "version": 79}
{"obj": {"type": "LogFloats", "path": ["monitoring", "ef0aeb4c", "memory"], "values": [{"value": 17.303993225097656, "step": null, "ts": 1699019617.8470178}]}, "version": 80}
{"obj": {"type": "LogFloats", "path": ["monitoring", "ef0aeb4c", "cpu"], "values": [{"value": 0.6, "step": null, "ts": 1699019627.8537793}]}, "version": 81}
{"obj": {"type": "LogFloats", "path": ["monitoring", "ef0aeb4c", "memory"], "values": [{"value": 17.305694580078125, "step": null, "ts": 1699019627.8537793}]}, "version": 82}
{"obj": {"type": "LogFloats", "path": ["monitoring", "ef0aeb4c", "cpu"], "values": [{"value": 0.6, "step": null, "ts": 1699019637.8608506}]}, "version": 83}
{"obj": {"type": "LogFloats", "path": ["monitoring", "ef0aeb4c", "memory"], "values": [{"value": 17.286495208740234, "step": null, "ts": 1699019637.8608506}]}, "version": 84}
{"obj": {"type": "LogFloats", "path": ["monitoring", "ef0aeb4c", "cpu"], "values": [{"value": 2.8, "step": null, "ts": 1699019647.8681817}]}, "version": 85}
{"obj": {"type": "LogFloats", "path": ["monitoring", "ef0aeb4c", "memory"], "values": [{"value": 17.38128662109375, "step": null, "ts": 1699019647.8681817}]}, "version": 86}
{"obj": {"type": "LogFloats", "path": ["monitoring", "ef0aeb4c", "cpu"], "values": [{"value": 0.6, "step": null, "ts": 1699019657.8761263}]}, "version": 87}
{"obj": {"type": "LogFloats", "path": ["monitoring", "ef0aeb4c", "memory"], "values": [{"value": 17.377696990966797, "step": null, "ts": 1699019657.8761263}]}, "version": 88}
{"obj": {"type": "LogFloats", "path": ["monitoring", "ef0aeb4c", "cpu"], "values": [{"value": 0.5, "step": null, "ts": 1699019667.8836617}]}, "version": 89}
{"obj": {"type": "LogFloats", "path": ["monitoring", "ef0aeb4c", "memory"], "values": [{"value": 17.377376556396484, "step": null, "ts": 1699019667.8836617}]}, "version": 90}
{"obj": {"type": "LogFloats", "path": ["monitoring", "ef0aeb4c", "cpu"], "values": [{"value": 0.6, "step": null, "ts": 1699019677.8918092}]}, "version": 91}
{"obj": {"type": "LogFloats", "path": ["monitoring", "ef0aeb4c", "memory"], "values": [{"value": 17.38125228881836, "step": null, "ts": 1699019677.8918092}]}, "version": 92}
