2023-11-02 20:08:56.218472: I tensorflow/core/util/port.cc:111] oneDNN custom operations are on. You may see slightly different numerical results due to floating-point round-off errors from different computation orders. To turn them off, set the environment variable `TF_ENABLE_ONEDNN_OPTS=0`.
2023-11-02 20:08:57.809699: E tensorflow/compiler/xla/stream_executor/cuda/cuda_dnn.cc:9342] Unable to register cuDNN factory: Attempting to register factory for plugin cuDNN when one has already been registered
2023-11-02 20:08:57.809743: E tensorflow/compiler/xla/stream_executor/cuda/cuda_fft.cc:609] Unable to register cuFFT factory: Attempting to register factory for plugin cuFFT when one has already been registered
2023-11-02 20:08:57.809770: E tensorflow/compiler/xla/stream_executor/cuda/cuda_blas.cc:1518] Unable to register cuBLAS factory: Attempting to register factory for plugin cuBLAS when one has already been registered
2023-11-02 20:08:58.156804: I tensorflow/core/platform/cpu_feature_guard.cc:182] This TensorFlow binary is optimized to use available CPU instructions in performance-critical operations.
To enable the following instructions: AVX2 AVX512F AVX512_VNNI FMA, in other operations, rebuild TensorFlow with the appropriate compiler flags.
2023-11-02 20:09:05.570200: I tensorflow/core/common_runtime/gpu/gpu_device.cc:1886] Created device /job:localhost/replica:0/task:0/device:GPU:0 with 31141 MB memory:  -> device: 0, name: Tesla V100-SXM2-32GB, pci bus id: 0000:1a:00.0, compute capability: 7.0
[INFO 11-02 20:09:05] ax.service.utils.instantiation: Inferred value type of ParameterType.FLOAT for parameter clas_w. If that is not the expected value type, you can explicity specify 'value_type' ('int', 'float', 'bool' or 'str') in parameter dict.
[INFO 11-02 20:09:05] ax.service.utils.instantiation: Inferred value type of ParameterType.FLOAT for parameter dann_w. If that is not the expected value type, you can explicity specify 'value_type' ('int', 'float', 'bool' or 'str') in parameter dict.
[INFO 11-02 20:09:05] ax.service.utils.instantiation: Inferred value type of ParameterType.FLOAT for parameter lr. If that is not the expected value type, you can explicity specify 'value_type' ('int', 'float', 'bool' or 'str') in parameter dict.
[INFO 11-02 20:09:05] ax.service.utils.instantiation: Inferred value type of ParameterType.FLOAT for parameter wd. If that is not the expected value type, you can explicity specify 'value_type' ('int', 'float', 'bool' or 'str') in parameter dict.
Traceback (most recent call last):
  File "/home/acollin/dca_permuted_workflow/workflow/workflow_hp.py", line 982, in <module>
    best_parameters, values, experiment, model = optimize(
                                                 ^^^^^^^^^
  File "/home/acollin/.local/lib/python3.11/site-packages/ax/service/managed_loop.py", line 284, in optimize
    loop = OptimizationLoop.with_evaluation_function(
           ^^^^^^^^^^^^^^^^^^^^^^^^^^^^^^^^^^^^^^^^^^
  File "/home/acollin/.local/lib/python3.11/site-packages/ax/service/managed_loop.py", line 100, in with_evaluation_function
    experiment = InstantiationBase.make_experiment(
                 ^^^^^^^^^^^^^^^^^^^^^^^^^^^^^^^^^^
  File "/home/acollin/.local/lib/python3.11/site-packages/ax/service/utils/instantiation.py", line 908, in make_experiment
    search_space=cls.make_search_space(parameters, parameter_constraints),
                 ^^^^^^^^^^^^^^^^^^^^^^^^^^^^^^^^^^^^^^^^^^^^^^^^^^^^^^^^
  File "/home/acollin/.local/lib/python3.11/site-packages/ax/service/utils/instantiation.py", line 687, in make_search_space
    typed_parameters = [cls.parameter_from_json(p) for p in parameters]
                       ^^^^^^^^^^^^^^^^^^^^^^^^^^^^^^^^^^^^^^^^^^^^^^^^
  File "/home/acollin/.local/lib/python3.11/site-packages/ax/service/utils/instantiation.py", line 687, in <listcomp>
    typed_parameters = [cls.parameter_from_json(p) for p in parameters]
                        ^^^^^^^^^^^^^^^^^^^^^^^^^^
  File "/home/acollin/.local/lib/python3.11/site-packages/ax/service/utils/instantiation.py", line 309, in parameter_from_json
    return cls._make_range_param(
           ^^^^^^^^^^^^^^^^^^^^^^
  File "/home/acollin/.local/lib/python3.11/site-packages/ax/service/utils/instantiation.py", line 207, in _make_range_param
    return RangeParameter(
           ^^^^^^^^^^^^^^^
  File "/home/acollin/.local/lib/python3.11/site-packages/ax/core/parameter.py", line 202, in __init__
    self._validate_range_param(
  File "/home/acollin/.local/lib/python3.11/site-packages/ax/core/parameter.py", line 240, in _validate_range_param
    raise UserInputError(
ax.exceptions.core.UserInputError: Parameter range (9.990000000000001e-06) is very small and likely to cause numerical errors. Consider reparameterizing your problem by scaling the parameter.
