
CommandNotFoundError: Your shell has not been properly configured to use 'conda activate'.
To initialize your shell, run

    $ conda init <SHELL_NAME>

Currently supported shells are:
  - bash
  - fish
  - tcsh
  - xonsh
  - zsh
  - powershell

See 'conda init --help' for more information and options.

IMPORTANT: You may need to close and restart your shell after running 'conda init'.


htap_hyperparam_scheme_2.sh : ligne 5 : 254041 Complété              python /home/acollin/dca_permuted_workflow/workflow/workflow_hp.py --dataset_name htap_final_by_batch --class_key celltype --batch_key donor --use_hvg 5000 --mode entire_condition --obs_key donor --keep_obs PAH_688194 PAH_691048 PAH_693770 PAH_698029 PRC_16 PRC_18 PRC_3 PRC_8 --training_scheme training_scheme_2 &>/home/acollin/dca_permuted_workflow/experiment_script/htap_hyperparam_scheme_2.log

CommandNotFoundError: Your shell has not been properly configured to use 'conda activate'.
To initialize your shell, run

    $ conda init <SHELL_NAME>

Currently supported shells are:
  - bash
  - fish
  - tcsh
  - xonsh
  - zsh
  - powershell

See 'conda init --help' for more information and options.

IMPORTANT: You may need to close and restart your shell after running 'conda init'.



CommandNotFoundError: Your shell has not been properly configured to use 'conda activate'.
To initialize your shell, run

    $ conda init <SHELL_NAME>

Currently supported shells are:
  - bash
  - fish
  - tcsh
  - xonsh
  - zsh
  - powershell

See 'conda init --help' for more information and options.

IMPORTANT: You may need to close and restart your shell after running 'conda init'.


