{"obj": {"type": "AssignString", "path": ["sys", "name"], "value": "Untitled"}, "version": 1}
{"obj": {"type": "AssignString", "path": ["sys", "description"], "value": ""}, "version": 2}
{"obj": {"type": "AssignString", "path": ["monitoring", "019f3e72", "hostname"], "value": "login-hpc"}, "version": 3}
{"obj": {"type": "AssignString", "path": ["sys", "hostname"], "value": "login-hpc"}, "version": 4}
{"obj": {"type": "AssignString", "path": ["monitoring", "019f3e72", "pid"], "value": "39866"}, "version": 5}
{"obj": {"type": "AssignString", "path": ["monitoring", "019f3e72", "tid"], "value": "46912496365312"}, "version": 6}
{"obj": {"type": "AssignBool", "path": ["sys", "failed"], "value": false}, "version": 7}
{"obj": {"type": "ClearStringLog", "path": ["monitoring", "019f3e72", "stdout"]}, "version": 8}
{"obj": {"type": "ClearStringLog", "path": ["monitoring", "019f3e72", "stderr"]}, "version": 9}
{"obj": {"type": "AssignString", "path": ["source_code", "entrypoint"], "value": "workflow_hp.py"}, "version": 10}
{"obj": {"type": "UploadFileSet", "path": ["source_code", "files"], "file_globs": ["/home/acollin/dca_permuted_workflow/workflow/workflow_hp.py"], "reset": "False"}, "version": 11}
{"obj": {"type": "UploadFile", "path": ["source_code", "diff"], "ext": "patch", "file_path": null, "tmp_file_name": "source_code_diff-1699019741.363851-2023-11-03_14.55.41.363851.patch", "clean_after_upload": false}, "version": 12}
{"obj": {"type": "LogStrings", "path": ["monitoring", "019f3e72", "stderr"], "values": [{"value": "Info (NVML): NVML Shared Library Not Found. GPU usage metrics may not be reported. For more information, see https://docs.neptune.ai/help/nvml_error/\n", "step": null, "ts": 1699019741.4389384}]}, "version": 13}
{"obj": {"type": "ConfigFloatSeries", "path": ["monitoring", "019f3e72", "cpu"], "min": 0.0, "max": 100.0, "unit": "%"}, "version": 14}
{"obj": {"type": "ClearFloatLog", "path": ["monitoring", "019f3e72", "cpu"]}, "version": 15}
{"obj": {"type": "ConfigFloatSeries", "path": ["monitoring", "019f3e72", "memory"], "min": 0.0, "max": 125.35282516479492, "unit": "GB"}, "version": 16}
{"obj": {"type": "ClearFloatLog", "path": ["monitoring", "019f3e72", "memory"]}, "version": 17}
{"obj": {"type": "AssignString", "path": ["parameters", "dataset_name"], "value": "htap_final_by_batch"}, "version": 18}
{"obj": {"type": "AssignString", "path": ["parameters", "class_key"], "value": "celltype"}, "version": 19}
{"obj": {"type": "LogFloats", "path": ["monitoring", "019f3e72", "memory"], "values": [{"value": 16.835636138916016, "step": null, "ts": 1699019741.4600992}]}, "version": 20}
{"obj": {"type": "AssignString", "path": ["parameters", "batch_key"], "value": "donor"}, "version": 21}
{"obj": {"type": "AssignBool", "path": ["parameters", "filter_min_counts"], "value": true}, "version": 22}
{"obj": {"type": "AssignBool", "path": ["parameters", "normalize_size_factors"], "value": true}, "version": 23}
{"obj": {"type": "AssignBool", "path": ["parameters", "scale_input"], "value": false}, "version": 24}
{"obj": {"type": "AssignBool", "path": ["parameters", "logtrans_input"], "value": true}, "version": 25}
{"obj": {"type": "AssignInt", "path": ["parameters", "use_hvg"], "value": 5000}, "version": 26}
{"obj": {"type": "AssignInt", "path": ["parameters", "batch_size"], "value": 128}, "version": 27}
{"obj": {"type": "AssignString", "path": ["parameters", "mode"], "value": "entire_condition"}, "version": 28}
{"obj": {"type": "AssignFloat", "path": ["parameters", "pct_split"], "value": 0.9}, "version": 29}
{"obj": {"type": "AssignString", "path": ["parameters", "obs_key"], "value": "donor"}, "version": 30}
{"obj": {"type": "AssignString", "path": ["parameters", "n_keep"], "value": "None"}, "version": 31}
{"obj": {"type": "AssignString", "path": ["parameters", "split_strategy"], "value": "None"}, "version": 32}
{"obj": {"type": "AssignString", "path": ["parameters", "keep_obs"], "value": "['PAH_688194', 'PAH_691048', 'PAH_693770', 'PAH_698029', 'PRC_16', 'PRC_18', 'PRC_3', 'PRC_8']"}, "version": 33}
{"obj": {"type": "AssignInt", "path": ["parameters", "train_test_random_seed"], "value": 0}, "version": 34}
{"obj": {"type": "AssignString", "path": ["parameters", "obs_subsample"], "value": "None"}, "version": 35}
{"obj": {"type": "AssignBool", "path": ["parameters", "make_fake"], "value": false}, "version": 36}
{"obj": {"type": "AssignString", "path": ["parameters", "true_celltype"], "value": "None"}, "version": 37}
{"obj": {"type": "AssignString", "path": ["parameters", "false_celltype"], "value": "None"}, "version": 38}
{"obj": {"type": "AssignString", "path": ["parameters", "pct_false"], "value": "None"}, "version": 39}
{"obj": {"type": "AssignString", "path": ["parameters", "clas_loss_fn"], "value": "categorical_crossentropy"}, "version": 40}
{"obj": {"type": "AssignString", "path": ["parameters", "dann_loss_fn"], "value": "categorical_crossentropy"}, "version": 41}
{"obj": {"type": "AssignString", "path": ["parameters", "rec_loss_fn"], "value": "MSE"}, "version": 42}
{"obj": {"type": "AssignFloat", "path": ["parameters", "learning_rate"], "value": 0.001}, "version": 43}
{"obj": {"type": "AssignString", "path": ["parameters", "optimizer_type"], "value": "adam"}, "version": 44}
{"obj": {"type": "AssignFloat", "path": ["parameters", "clas_w"], "value": 0.1}, "version": 45}
{"obj": {"type": "AssignFloat", "path": ["parameters", "dann_w"], "value": 0.1}, "version": 46}
{"obj": {"type": "AssignFloat", "path": ["parameters", "rec_w"], "value": 0.8}, "version": 47}
{"obj": {"type": "AssignString", "path": ["parameters", "ae_hidden_size"], "value": "[128, 64, 128]"}, "version": 48}
{"obj": {"type": "AssignString", "path": ["parameters", "ae_hidden_dropout"], "value": "None"}, "version": 49}
{"obj": {"type": "AssignString", "path": ["parameters", "ae_activation"], "value": "relu"}, "version": 50}
{"obj": {"type": "AssignString", "path": ["parameters", "ae_output_activation"], "value": "linear"}, "version": 51}
{"obj": {"type": "AssignString", "path": ["parameters", "ae_init"], "value": "glorot_uniform"}, "version": 52}
{"obj": {"type": "AssignBool", "path": ["parameters", "ae_batchnorm"], "value": true}, "version": 53}
{"obj": {"type": "AssignString", "path": ["parameters", "ae_l1_enc_coef"], "value": "None"}, "version": 54}
{"obj": {"type": "AssignString", "path": ["parameters", "ae_l2_enc_coef"], "value": "None"}, "version": 55}
{"obj": {"type": "AssignString", "path": ["parameters", "class_hidden_size"], "value": "[64]"}, "version": 56}
{"obj": {"type": "AssignString", "path": ["parameters", "class_hidden_dropout"], "value": "None"}, "version": 57}
{"obj": {"type": "AssignBool", "path": ["parameters", "class_batchnorm"], "value": true}, "version": 58}
{"obj": {"type": "AssignString", "path": ["parameters", "class_activation"], "value": "relu"}, "version": 59}
{"obj": {"type": "AssignString", "path": ["parameters", "class_output_activation"], "value": "softmax"}, "version": 60}
{"obj": {"type": "AssignString", "path": ["parameters", "dann_hidden_size"], "value": "[64]"}, "version": 61}
{"obj": {"type": "AssignString", "path": ["parameters", "dann_hidden_dropout"], "value": "None"}, "version": 62}
{"obj": {"type": "AssignBool", "path": ["parameters", "dann_batchnorm"], "value": true}, "version": 63}
{"obj": {"type": "AssignString", "path": ["parameters", "dann_activation"], "value": "relu"}, "version": 64}
{"obj": {"type": "AssignString", "path": ["parameters", "dann_output_activation"], "value": "softmax"}, "version": 65}
{"obj": {"type": "AssignString", "path": ["parameters", "training_scheme"], "value": "training_scheme_1"}, "version": 66}
{"obj": {"type": "AssignBool", "path": ["parameters", "log_neptune"], "value": true}, "version": 67}
{"obj": {"type": "AssignString", "path": ["parameters", "workflow_id"], "value": "default"}, "version": 68}
{"obj": {"type": "LogFloats", "path": ["monitoring", "019f3e72", "cpu"], "values": [{"value": 0.6, "step": null, "ts": 1699019751.4682434}]}, "version": 69}
{"obj": {"type": "LogFloats", "path": ["monitoring", "019f3e72", "memory"], "values": [{"value": 16.77579116821289, "step": null, "ts": 1699019751.4682434}]}, "version": 70}
{"obj": {"type": "LogFloats", "path": ["monitoring", "019f3e72", "cpu"], "values": [{"value": 0.5, "step": null, "ts": 1699019761.4763358}]}, "version": 71}
{"obj": {"type": "LogFloats", "path": ["monitoring", "019f3e72", "memory"], "values": [{"value": 16.77206039428711, "step": null, "ts": 1699019761.4763358}]}, "version": 72}
{"obj": {"type": "LogStrings", "path": ["monitoring", "019f3e72", "stdout"], "values": [{"value": "Epoch 1/197, Current strat Epoch 1/97", "step": null, "ts": 1699019765.934779}]}, "version": 73}
{"obj": {"type": "LogStrings", "path": ["monitoring", "019f3e72", "stderr"], "values": [{"value": "/home/acollin/dca_permuted_workflow/workflow/workflow_hp.py:524: NeptuneUnsupportedType: You're attempting to log a type that is not directly supported by Neptune (<class 'list'>).\n        Convert the value to a supported type, such as a string or float, or use stringify_unsupported(obj)\n        for dictionaries or collections that contain unsupported values.\n        For more, see https://docs.neptune.ai/help/value_of_unsupported_type\n  self.run[f\"training/{group}/{par}\"] = []\n", "step": null, "ts": 1699019765.9379768}]}, "version": 74}
{"obj": {"type": "LogStrings", "path": ["monitoring", "019f3e72", "stdout"], "values": [{"value": "\n", "step": null, "ts": 1699019765.9405105}]}, "version": 75}
{"obj": {"type": "LogFloats", "path": ["monitoring", "019f3e72", "cpu"], "values": [{"value": 0.4, "step": null, "ts": 1699019771.4846234}]}, "version": 76}
{"obj": {"type": "LogFloats", "path": ["monitoring", "019f3e72", "memory"], "values": [{"value": 16.77457046508789, "step": null, "ts": 1699019771.4846234}]}, "version": 77}
{"obj": {"type": "LogFloats", "path": ["monitoring", "019f3e72", "cpu"], "values": [{"value": 0.2, "step": null, "ts": 1699019781.4927657}]}, "version": 78}
{"obj": {"type": "LogFloats", "path": ["monitoring", "019f3e72", "memory"], "values": [{"value": 16.774715423583984, "step": null, "ts": 1699019781.4927657}]}, "version": 79}
{"obj": {"type": "LogFloats", "path": ["monitoring", "019f3e72", "cpu"], "values": [{"value": 0.5, "step": null, "ts": 1699019791.5010924}]}, "version": 80}
{"obj": {"type": "LogFloats", "path": ["monitoring", "019f3e72", "memory"], "values": [{"value": 16.794281005859375, "step": null, "ts": 1699019791.5010924}]}, "version": 81}
{"obj": {"type": "LogFloats", "path": ["monitoring", "019f3e72", "cpu"], "values": [{"value": 0.3, "step": null, "ts": 1699019801.5079546}]}, "version": 82}
{"obj": {"type": "LogFloats", "path": ["monitoring", "019f3e72", "memory"], "values": [{"value": 16.804157257080078, "step": null, "ts": 1699019801.5079546}]}, "version": 83}
{"obj": {"type": "LogFloats", "path": ["monitoring", "019f3e72", "cpu"], "values": [{"value": 0.3, "step": null, "ts": 1699019811.5155427}]}, "version": 84}
{"obj": {"type": "LogFloats", "path": ["monitoring", "019f3e72", "memory"], "values": [{"value": 16.801090240478516, "step": null, "ts": 1699019811.5155427}]}, "version": 85}
{"obj": {"type": "LogFloats", "path": ["monitoring", "019f3e72", "cpu"], "values": [{"value": 0.9, "step": null, "ts": 1699019821.528981}]}, "version": 86}
{"obj": {"type": "LogFloats", "path": ["monitoring", "019f3e72", "memory"], "values": [{"value": 16.787460327148438, "step": null, "ts": 1699019821.528981}]}, "version": 87}
{"obj": {"type": "LogFloats", "path": ["monitoring", "019f3e72", "cpu"], "values": [{"value": 0.6, "step": null, "ts": 1699019831.535492}]}, "version": 88}
{"obj": {"type": "LogFloats", "path": ["monitoring", "019f3e72", "memory"], "values": [{"value": 16.76412582397461, "step": null, "ts": 1699019831.535492}]}, "version": 89}
{"obj": {"type": "LogFloats", "path": ["monitoring", "019f3e72", "cpu"], "values": [{"value": 0.2, "step": null, "ts": 1699019841.5505633}]}, "version": 90}
{"obj": {"type": "LogFloats", "path": ["monitoring", "019f3e72", "memory"], "values": [{"value": 16.763843536376953, "step": null, "ts": 1699019841.5505633}]}, "version": 91}
{"obj": {"type": "LogFloats", "path": ["monitoring", "019f3e72", "cpu"], "values": [{"value": 0.2, "step": null, "ts": 1699019851.5586717}]}, "version": 92}
{"obj": {"type": "LogFloats", "path": ["monitoring", "019f3e72", "memory"], "values": [{"value": 16.759029388427734, "step": null, "ts": 1699019851.5586717}]}, "version": 93}
{"obj": {"type": "LogFloats", "path": ["monitoring", "019f3e72", "cpu"], "values": [{"value": 1.1, "step": null, "ts": 1699019861.5661843}]}, "version": 94}
{"obj": {"type": "LogFloats", "path": ["monitoring", "019f3e72", "memory"], "values": [{"value": 16.818889617919922, "step": null, "ts": 1699019861.5661843}]}, "version": 95}
{"obj": {"type": "LogFloats", "path": ["monitoring", "019f3e72", "cpu"], "values": [{"value": 0.3, "step": null, "ts": 1699019871.5764499}]}, "version": 96}
{"obj": {"type": "LogFloats", "path": ["monitoring", "019f3e72", "memory"], "values": [{"value": 16.815067291259766, "step": null, "ts": 1699019871.5764499}]}, "version": 97}
{"obj": {"type": "LogFloats", "path": ["monitoring", "019f3e72", "cpu"], "values": [{"value": 0.2, "step": null, "ts": 1699019881.5874972}]}, "version": 98}
{"obj": {"type": "LogFloats", "path": ["monitoring", "019f3e72", "memory"], "values": [{"value": 16.812328338623047, "step": null, "ts": 1699019881.5874972}]}, "version": 99}
{"obj": {"type": "LogFloats", "path": ["monitoring", "019f3e72", "cpu"], "values": [{"value": 0.5, "step": null, "ts": 1699019891.5970788}]}, "version": 100}
{"obj": {"type": "LogFloats", "path": ["monitoring", "019f3e72", "memory"], "values": [{"value": 16.841609954833984, "step": null, "ts": 1699019891.5970788}]}, "version": 101}
