{"obj": {"type": "AssignString", "path": ["sys", "name"], "value": "Untitled"}, "version": 1}
{"obj": {"type": "AssignString", "path": ["sys", "description"], "value": ""}, "version": 2}
{"obj": {"type": "AssignString", "path": ["monitoring", "9ff906ff", "hostname"], "value": "login-hpc"}, "version": 3}
{"obj": {"type": "AssignString", "path": ["sys", "hostname"], "value": "login-hpc"}, "version": 4}
{"obj": {"type": "AssignString", "path": ["monitoring", "9ff906ff", "pid"], "value": "119047"}, "version": 5}
{"obj": {"type": "AssignString", "path": ["monitoring", "9ff906ff", "tid"], "value": "46912496365312"}, "version": 6}
{"obj": {"type": "AssignBool", "path": ["sys", "failed"], "value": false}, "version": 7}
{"obj": {"type": "ClearStringLog", "path": ["monitoring", "9ff906ff", "stdout"]}, "version": 8}
{"obj": {"type": "ClearStringLog", "path": ["monitoring", "9ff906ff", "stderr"]}, "version": 9}
{"obj": {"type": "AssignString", "path": ["source_code", "entrypoint"], "value": "workflow_hp.py"}, "version": 10}
{"obj": {"type": "UploadFileSet", "path": ["source_code", "files"], "file_globs": ["/home/acollin/dca_permuted_workflow/workflow/workflow_hp.py"], "reset": "False"}, "version": 11}
{"obj": {"type": "UploadFile", "path": ["source_code", "diff"], "ext": "patch", "file_path": null, "tmp_file_name": "source_code_diff-1699050730.639692-2023-11-03_23.32.10.639692.patch", "clean_after_upload": false}, "version": 12}
{"obj": {"type": "LogStrings", "path": ["monitoring", "9ff906ff", "stderr"], "values": [{"value": "Info (NVML): NVML Shared Library Not Found. GPU usage metrics may not be reported. For more information, see https://docs.neptune.ai/help/nvml_error/\n", "step": null, "ts": 1699050730.6969533}]}, "version": 13}
{"obj": {"type": "ConfigFloatSeries", "path": ["monitoring", "9ff906ff", "cpu"], "min": 0.0, "max": 100.0, "unit": "%"}, "version": 14}
{"obj": {"type": "ClearFloatLog", "path": ["monitoring", "9ff906ff", "cpu"]}, "version": 15}
{"obj": {"type": "ConfigFloatSeries", "path": ["monitoring", "9ff906ff", "memory"], "min": 0.0, "max": 125.35282516479492, "unit": "GB"}, "version": 16}
{"obj": {"type": "ClearFloatLog", "path": ["monitoring", "9ff906ff", "memory"]}, "version": 17}
{"obj": {"type": "AssignString", "path": ["parameters", "dataset_name"], "value": "ajrccm_by_batch"}, "version": 18}
{"obj": {"type": "AssignString", "path": ["parameters", "class_key"], "value": "celltype"}, "version": 19}
{"obj": {"type": "AssignString", "path": ["parameters", "batch_key"], "value": "manip"}, "version": 20}
{"obj": {"type": "LogFloats", "path": ["monitoring", "9ff906ff", "memory"], "values": [{"value": 11.845577239990234, "step": null, "ts": 1699050730.7328925}]}, "version": 21}
{"obj": {"type": "AssignBool", "path": ["parameters", "filter_min_counts"], "value": true}, "version": 22}
{"obj": {"type": "AssignBool", "path": ["parameters", "normalize_size_factors"], "value": true}, "version": 23}
{"obj": {"type": "AssignBool", "path": ["parameters", "scale_input"], "value": false}, "version": 24}
{"obj": {"type": "AssignBool", "path": ["parameters", "logtrans_input"], "value": true}, "version": 25}
{"obj": {"type": "AssignInt", "path": ["parameters", "use_hvg"], "value": 5000}, "version": 26}
{"obj": {"type": "AssignInt", "path": ["parameters", "batch_size"], "value": 256}, "version": 27}
{"obj": {"type": "AssignString", "path": ["parameters", "mode"], "value": "entire_condition"}, "version": 28}
{"obj": {"type": "AssignFloat", "path": ["parameters", "pct_split"], "value": 0.9}, "version": 29}
{"obj": {"type": "AssignString", "path": ["parameters", "obs_key"], "value": "manip"}, "version": 30}
{"obj": {"type": "AssignString", "path": ["parameters", "n_keep"], "value": "None"}, "version": 31}
{"obj": {"type": "AssignString", "path": ["parameters", "split_strategy"], "value": "None"}, "version": 32}
{"obj": {"type": "AssignString", "path": ["parameters", "keep_obs"], "value": "['D322_Biop_Int1', 'D322_Biop_Nas1', 'D322_Biop_Pro1', 'D326_Biop_Int1', 'D326_Biop_Pro1', 'D339_Biop_Int1', 'D339_Biop_Pro1', 'D339_Brus_Dis1', 'D344_Biop_Int1', 'D344_Biop_Nas1', 'D344_Biop_Pro1', 'D344_Brus_Dis1', 'D353_Biop_Int2', 'D353_Biop_Pro1', 'D353_Brus_Dis1', 'D353_Brus_Nas1', 'D354_Biop_Int2', 'D363_Biop_Int2', 'D363_Biop_Pro1', 'D363_Brus_Dis1', 'D367_Brus_Dis1', 'D367_Brus_Nas1', 'D372_Biop_Int1', 'D372_Brus_Dis1', 'D372_Brus_Nas1']"}, "version": 33}
{"obj": {"type": "AssignInt", "path": ["parameters", "train_test_random_seed"], "value": 0}, "version": 34}
{"obj": {"type": "AssignString", "path": ["parameters", "obs_subsample"], "value": "None"}, "version": 35}
{"obj": {"type": "AssignBool", "path": ["parameters", "make_fake"], "value": false}, "version": 36}
{"obj": {"type": "AssignString", "path": ["parameters", "true_celltype"], "value": "None"}, "version": 37}
{"obj": {"type": "AssignString", "path": ["parameters", "false_celltype"], "value": "None"}, "version": 38}
{"obj": {"type": "AssignString", "path": ["parameters", "pct_false"], "value": "None"}, "version": 39}
{"obj": {"type": "AssignString", "path": ["parameters", "clas_loss_fn"], "value": "categorical_crossentropy"}, "version": 40}
{"obj": {"type": "AssignString", "path": ["parameters", "dann_loss_fn"], "value": "categorical_crossentropy"}, "version": 41}
{"obj": {"type": "AssignString", "path": ["parameters", "rec_loss_fn"], "value": "MSE"}, "version": 42}
{"obj": {"type": "AssignFloat", "path": ["parameters", "learning_rate"], "value": 0.001}, "version": 43}
{"obj": {"type": "AssignString", "path": ["parameters", "optimizer_type"], "value": "adam"}, "version": 44}
{"obj": {"type": "AssignFloat", "path": ["parameters", "clas_w"], "value": 0.1}, "version": 45}
{"obj": {"type": "AssignFloat", "path": ["parameters", "dann_w"], "value": 0.1}, "version": 46}
{"obj": {"type": "AssignFloat", "path": ["parameters", "rec_w"], "value": 0.8}, "version": 47}
{"obj": {"type": "AssignString", "path": ["parameters", "ae_hidden_size"], "value": "[128, 64, 128]"}, "version": 48}
{"obj": {"type": "AssignString", "path": ["parameters", "ae_hidden_dropout"], "value": "None"}, "version": 49}
{"obj": {"type": "AssignString", "path": ["parameters", "ae_activation"], "value": "relu"}, "version": 50}
{"obj": {"type": "AssignString", "path": ["parameters", "ae_output_activation"], "value": "linear"}, "version": 51}
{"obj": {"type": "AssignString", "path": ["parameters", "ae_init"], "value": "glorot_uniform"}, "version": 52}
{"obj": {"type": "AssignBool", "path": ["parameters", "ae_batchnorm"], "value": true}, "version": 53}
{"obj": {"type": "AssignString", "path": ["parameters", "ae_l1_enc_coef"], "value": "None"}, "version": 54}
{"obj": {"type": "AssignString", "path": ["parameters", "ae_l2_enc_coef"], "value": "None"}, "version": 55}
{"obj": {"type": "AssignString", "path": ["parameters", "class_hidden_size"], "value": "[64]"}, "version": 56}
{"obj": {"type": "AssignString", "path": ["parameters", "class_hidden_dropout"], "value": "None"}, "version": 57}
{"obj": {"type": "AssignBool", "path": ["parameters", "class_batchnorm"], "value": true}, "version": 58}
{"obj": {"type": "AssignString", "path": ["parameters", "class_activation"], "value": "relu"}, "version": 59}
{"obj": {"type": "AssignString", "path": ["parameters", "class_output_activation"], "value": "softmax"}, "version": 60}
{"obj": {"type": "AssignString", "path": ["parameters", "dann_hidden_size"], "value": "[64]"}, "version": 61}
{"obj": {"type": "AssignString", "path": ["parameters", "dann_hidden_dropout"], "value": "None"}, "version": 62}
{"obj": {"type": "AssignBool", "path": ["parameters", "dann_batchnorm"], "value": true}, "version": 63}
{"obj": {"type": "AssignString", "path": ["parameters", "dann_activation"], "value": "relu"}, "version": 64}
{"obj": {"type": "AssignString", "path": ["parameters", "dann_output_activation"], "value": "softmax"}, "version": 65}
{"obj": {"type": "AssignString", "path": ["parameters", "training_scheme"], "value": "training_scheme_1"}, "version": 66}
{"obj": {"type": "AssignBool", "path": ["parameters", "log_neptune"], "value": true}, "version": 67}
{"obj": {"type": "AssignString", "path": ["parameters", "workflow_id"], "value": "default"}, "version": 68}
{"obj": {"type": "LogStrings", "path": ["monitoring", "9ff906ff", "stdout"], "values": [{"value": "Epoch 1/149, Current strat Epoch 1/49", "step": null, "ts": 1699050730.905652}]}, "version": 69}
{"obj": {"type": "LogStrings", "path": ["monitoring", "9ff906ff", "stdout"], "values": [{"value": "\n", "step": null, "ts": 1699050730.908063}]}, "version": 70}
{"obj": {"type": "LogStrings", "path": ["monitoring", "9ff906ff", "stdout"], "values": [{"value": "switching perm", "step": null, "ts": 1699050731.3768926}]}, "version": 71}
{"obj": {"type": "LogStrings", "path": ["monitoring", "9ff906ff", "stdout"], "values": [{"value": "\n", "step": null, "ts": 1699050731.3934844}]}, "version": 72}
{"obj": {"type": "LogFloats", "path": ["monitoring", "9ff906ff", "cpu"], "values": [{"value": 1.8, "step": null, "ts": 1699050740.7409568}]}, "version": 73}
{"obj": {"type": "LogFloats", "path": ["monitoring", "9ff906ff", "memory"], "values": [{"value": 12.188655853271484, "step": null, "ts": 1699050740.7409568}]}, "version": 74}
{"obj": {"type": "LogFloats", "path": ["monitoring", "9ff906ff", "cpu"], "values": [{"value": 0.1, "step": null, "ts": 1699050750.7483969}]}, "version": 75}
{"obj": {"type": "LogFloats", "path": ["monitoring", "9ff906ff", "memory"], "values": [{"value": 12.189208984375, "step": null, "ts": 1699050750.7483969}]}, "version": 76}
{"obj": {"type": "LogStrings", "path": ["monitoring", "9ff906ff", "stdout"], "values": [{"value": "\r256/77969 - total loss: 90.5283 - classification loss: 3.2936 - dann loss: 3.9537 - reconstruction loss: 0.1061", "step": null, "ts": 1699050753.0684273}]}, "version": 77}
{"obj": {"type": "LogStrings", "path": ["monitoring", "9ff906ff", "stdout"], "values": [{"value": "", "step": null, "ts": 1699050753.0711467}]}, "version": 78}
